<?xml version="1.0" encoding="utf-8"?>
<CoverageSession xmlns:xsd="http://www.w3.org/2001/XMLSchema" xmlns:xsi="http://www.w3.org/2001/XMLSchema-instance" Version="4.7.922.0">
  <Summary numSequencePoints="580" visitedSequencePoints="396" numBranchPoints="476" visitedBranchPoints="277" sequenceCoverage="68.28" branchCoverage="58.19" maxCyclomaticComplexity="19" minCyclomaticComplexity="1" maxCrapScore="380" minCrapScore="1" visitedClasses="48" numClasses="64" visitedMethods="164" numMethods="268" />
  <Modules>
    <Module skippedDueTo="Filter" hash="0A-60-0F-1A-B2-BF-7E-E6-5A-66-3B-A1-6B-4F-EE-1D-6A-30-91-8B">
      <ModulePath>c:\Program Files\dotnet\shared\Microsoft.NETCore.App\2.2.1\System.Private.CoreLib.dll</ModulePath>
      <ModuleTime>2018-12-07T06:49:54Z</ModuleTime>
      <ModuleName>System.Private.CoreLib</ModuleName>
      <Classes />
    </Module>
    <Module skippedDueTo="Filter" hash="14-76-1A-EE-F5-5D-00-48-40-11-C1-AD-F9-5B-8A-CE-4E-48-8C-C6">
      <ModulePath>c:\Program Files\dotnet\sdk\2.2.103\dotnet.dll</ModulePath>
      <ModuleTime>2019-01-11T11:31:06Z</ModuleTime>
      <ModuleName>dotnet</ModuleName>
      <Classes />
    </Module>
    <Module skippedDueTo="Filter" hash="65-AC-04-69-F4-DE-56-A1-6C-9A-4E-D5-FD-1B-CA-22-EA-08-DD-D2">
      <ModulePath>c:\Program Files\dotnet\shared\Microsoft.NETCore.App\2.2.1\System.Runtime.dll</ModulePath>
      <ModuleTime>2018-12-07T06:49:54Z</ModuleTime>
      <ModuleName>System.Runtime</ModuleName>
      <Classes />
    </Module>
    <Module skippedDueTo="Filter" hash="5C-BD-81-5B-9E-96-E6-EE-60-3C-90-73-14-3E-21-46-25-B7-95-15">
      <ModulePath>c:\Program Files\dotnet\sdk\2.2.103\Microsoft.DotNet.Cli.Utils.dll</ModulePath>
      <ModuleTime>2019-01-11T11:32:06Z</ModuleTime>
      <ModuleName>Microsoft.DotNet.Cli.Utils</ModuleName>
      <Classes />
    </Module>
    <Module skippedDueTo="Filter" hash="00-E6-B6-43-DD-34-02-12-2C-95-C1-E7-75-49-CD-BE-29-38-49-1E">
      <ModulePath>c:\Program Files\dotnet\shared\Microsoft.NETCore.App\2.2.1\netstandard.dll</ModulePath>
      <ModuleTime>2018-12-07T06:49:54Z</ModuleTime>
      <ModuleName>netstandard</ModuleName>
      <Classes />
    </Module>
    <Module skippedDueTo="Filter" hash="13-99-77-53-EA-03-4B-C2-B3-31-A3-8D-F5-07-A6-65-CE-BA-BC-7D">
      <ModulePath>c:\Program Files\dotnet\shared\Microsoft.NETCore.App\2.2.1\System.Runtime.Extensions.dll</ModulePath>
      <ModuleTime>2018-12-07T06:49:54Z</ModuleTime>
      <ModuleName>System.Runtime.Extensions</ModuleName>
      <Classes />
    </Module>
    <Module skippedDueTo="Filter" hash="83-A2-3E-6A-CB-5B-61-67-4B-A5-EC-54-A6-09-61-49-60-7B-6F-38">
      <ModulePath>c:\Program Files\dotnet\shared\Microsoft.NETCore.App\2.2.1\System.Runtime.Loader.dll</ModulePath>
      <ModuleTime>2018-12-07T06:49:54Z</ModuleTime>
      <ModuleName>System.Runtime.Loader</ModuleName>
      <Classes />
    </Module>
    <Module skippedDueTo="Filter" hash="01-61-F1-A8-6F-90-42-37-00-83-C8-59-39-B8-48-30-6D-A4-A4-FF">
      <ModulePath>c:\Program Files\dotnet\sdk\2.2.103\Microsoft.DotNet.PlatformAbstractions.dll</ModulePath>
      <ModuleTime>2019-01-11T11:32:06Z</ModuleTime>
      <ModuleName>Microsoft.DotNet.PlatformAbstractions</ModuleName>
      <Classes />
    </Module>
    <Module skippedDueTo="Filter" hash="7C-B8-67-05-60-55-60-51-D3-15-F2-AE-62-0A-46-C8-A2-57-03-D3">
      <ModulePath>c:\Program Files\dotnet\shared\Microsoft.NETCore.App\2.2.1\System.Runtime.InteropServices.RuntimeInformation.dll</ModulePath>
      <ModuleTime>2018-12-07T06:49:54Z</ModuleTime>
      <ModuleName>System.Runtime.InteropServices.RuntimeInformation</ModuleName>
      <Classes />
    </Module>
    <Module skippedDueTo="Filter" hash="D6-A0-8F-50-E7-2C-69-C6-C2-52-8B-7D-D8-D1-9C-E3-59-F4-E1-DB">
      <ModulePath>c:\Program Files\dotnet\shared\Microsoft.NETCore.App\2.2.1\System.Runtime.InteropServices.dll</ModulePath>
      <ModuleTime>2018-12-07T06:49:54Z</ModuleTime>
      <ModuleName>System.Runtime.InteropServices</ModuleName>
      <Classes />
    </Module>
    <Module skippedDueTo="Filter" hash="BF-15-8A-55-E6-B0-F2-A5-9B-39-43-9D-9A-BE-42-7C-D1-A4-3A-4E">
      <ModulePath>c:\Program Files\dotnet\shared\Microsoft.NETCore.App\2.2.1\System.Threading.dll</ModulePath>
      <ModuleTime>2018-12-07T06:49:54Z</ModuleTime>
      <ModuleName>System.Threading</ModuleName>
      <Classes />
    </Module>
    <Module skippedDueTo="Filter" hash="AE-4C-24-02-49-C5-9B-49-F4-59-EC-9F-71-9F-9E-2E-17-7B-FA-98">
      <ModulePath>c:\Program Files\dotnet\shared\Microsoft.NETCore.App\2.2.1\System.IO.FileSystem.dll</ModulePath>
      <ModuleTime>2018-12-07T06:49:52Z</ModuleTime>
      <ModuleName>System.IO.FileSystem</ModuleName>
      <Classes />
    </Module>
    <Module skippedDueTo="Filter" hash="68-BA-7D-74-81-92-A6-86-E1-18-6A-D3-C2-59-D0-7A-0E-44-79-70">
      <ModulePath>c:\Program Files\dotnet\sdk\2.2.103\runtimes\win\lib\netcoreapp2.0\System.Text.Encoding.CodePages.dll</ModulePath>
      <ModuleTime>2019-01-11T11:31:04Z</ModuleTime>
      <ModuleName>System.Text.Encoding.CodePages</ModuleName>
      <Classes />
    </Module>
    <Module skippedDueTo="Filter" hash="28-B8-86-93-73-A3-C1-FD-7B-88-20-2E-8E-15-7A-27-84-AE-35-CE">
      <ModulePath>c:\Program Files\dotnet\shared\Microsoft.NETCore.App\2.2.1\System.Collections.dll</ModulePath>
      <ModuleTime>2018-12-07T06:49:52Z</ModuleTime>
      <ModuleName>System.Collections</ModuleName>
      <Classes />
    </Module>
    <Module skippedDueTo="Filter" hash="C1-B9-DD-E1-4D-A5-D3-42-A3-CE-4C-61-BA-98-05-EA-A5-77-48-B7">
      <ModulePath>c:\Program Files\dotnet\shared\Microsoft.NETCore.App\2.2.1\System.Collections.Concurrent.dll</ModulePath>
      <ModuleTime>2018-12-07T06:49:52Z</ModuleTime>
      <ModuleName>System.Collections.Concurrent</ModuleName>
      <Classes />
    </Module>
    <Module skippedDueTo="Filter" hash="9E-CF-AC-80-17-0F-E6-4F-65-7B-73-FC-7F-38-3B-CB-CD-01-14-4D">
      <ModulePath>c:\Program Files\dotnet\shared\Microsoft.NETCore.App\2.2.1\System.Threading.Thread.dll</ModulePath>
      <ModuleTime>2018-12-07T06:49:54Z</ModuleTime>
      <ModuleName>System.Threading.Thread</ModuleName>
      <Classes />
    </Module>
    <Module skippedDueTo="Filter" hash="6E-F5-93-4A-73-77-60-55-B0-26-AF-54-C6-12-B8-60-A1-B9-5A-8A">
      <ModulePath>c:\Program Files\dotnet\sdk\2.2.103\Microsoft.DotNet.Configurer.dll</ModulePath>
      <ModuleTime>2019-01-11T11:32:10Z</ModuleTime>
      <ModuleName>Microsoft.DotNet.Configurer</ModuleName>
      <Classes />
    </Module>
    <Module skippedDueTo="Filter" hash="9D-24-83-FB-D0-57-B5-41-BE-A0-51-16-D1-93-04-EC-91-21-81-13">
      <ModulePath>c:\Program Files\dotnet\sdk\2.2.103\Microsoft.DotNet.Cli.CommandLine.dll</ModulePath>
      <ModuleTime>2019-01-11T11:32:10Z</ModuleTime>
      <ModuleName>Microsoft.DotNet.Cli.CommandLine</ModuleName>
      <Classes />
    </Module>
    <Module skippedDueTo="Filter" hash="6C-B6-95-9D-23-E2-61-08-96-4F-D7-8B-8D-F1-80-F1-A4-2F-6A-91">
      <ModulePath>c:\Program Files\dotnet\shared\Microsoft.NETCore.App\2.2.1\System.Diagnostics.Process.dll</ModulePath>
      <ModuleTime>2018-12-07T06:49:52Z</ModuleTime>
      <ModuleName>System.Diagnostics.Process</ModuleName>
      <Classes />
    </Module>
    <Module skippedDueTo="Filter" hash="03-15-54-67-75-14-2D-26-18-CB-EC-D0-B0-67-37-D9-D4-D9-69-29">
      <ModulePath>c:\Program Files\dotnet\sdk\2.2.103\Microsoft.DotNet.InternalAbstractions.dll</ModulePath>
      <ModuleTime>2019-01-11T11:32:00Z</ModuleTime>
      <ModuleName>Microsoft.DotNet.InternalAbstractions</ModuleName>
      <Classes />
    </Module>
    <Module skippedDueTo="Filter" hash="66-8A-49-48-58-41-51-CC-9D-F2-90-0F-7B-53-2E-41-6C-D6-F5-1E">
      <ModulePath>c:\Program Files\dotnet\shared\Microsoft.NETCore.App\2.2.1\System.Linq.dll</ModulePath>
      <ModuleTime>2018-12-07T06:49:52Z</ModuleTime>
      <ModuleName>System.Linq</ModuleName>
      <Classes />
    </Module>
    <Module skippedDueTo="Filter" hash="AA-71-2A-5A-60-62-09-06-AB-B9-9E-30-B9-44-30-86-41-55-D1-20">
      <ModulePath>c:\Program Files\dotnet\sdk\2.2.103\NuGet.Frameworks.dll</ModulePath>
      <ModuleTime>2019-01-11T11:35:32Z</ModuleTime>
      <ModuleName>NuGet.Frameworks</ModuleName>
      <Classes />
    </Module>
    <Module skippedDueTo="Filter" hash="83-64-44-A6-64-EB-27-D0-AD-81-8E-E2-3A-CA-AA-59-03-B2-5A-8F">
      <ModulePath>c:\Program Files\dotnet\shared\Microsoft.NETCore.App\2.2.1\System.Console.dll</ModulePath>
      <ModuleTime>2018-12-07T06:49:52Z</ModuleTime>
      <ModuleName>System.Console</ModuleName>
      <Classes />
    </Module>
    <Module skippedDueTo="Filter" hash="8E-0E-0B-C1-F7-83-D9-1F-CC-4F-BE-04-E4-06-DF-81-6F-AD-6E-64">
      <ModulePath>c:\Program Files\dotnet\shared\Microsoft.NETCore.App\2.2.1\System.IO.FileSystem.Primitives.dll</ModulePath>
      <ModuleTime>2018-12-07T06:49:52Z</ModuleTime>
      <ModuleName>System.IO.FileSystem.Primitives</ModuleName>
      <Classes />
    </Module>
    <Module skippedDueTo="Filter" hash="F3-DA-DD-7B-50-40-E0-80-6C-20-50-A9-46-36-34-99-1F-8E-18-95">
      <ModulePath>c:\Program Files\dotnet\shared\Microsoft.NETCore.App\2.2.1\System.Memory.dll</ModulePath>
      <ModuleTime>2018-12-07T06:49:52Z</ModuleTime>
      <ModuleName>System.Memory</ModuleName>
      <Classes />
    </Module>
    <Module skippedDueTo="Filter" hash="0D-93-D5-8A-78-6F-A9-23-E0-85-70-1E-B0-90-44-7D-05-C4-27-7E">
      <ModulePath>c:\Program Files\dotnet\shared\Microsoft.NETCore.App\2.2.1\System.IO.dll</ModulePath>
      <ModuleTime>2018-12-07T06:49:52Z</ModuleTime>
      <ModuleName>System.IO</ModuleName>
      <Classes />
    </Module>
    <Module skippedDueTo="Filter" hash="60-9C-E5-29-EA-B4-83-AF-38-56-0B-F3-63-0C-0B-94-4D-15-85-FD">
      <ModulePath>c:\Program Files\dotnet\shared\Microsoft.NETCore.App\2.2.1\System.Text.Encoding.Extensions.dll</ModulePath>
      <ModuleTime>2018-12-07T06:49:54Z</ModuleTime>
      <ModuleName>System.Text.Encoding.Extensions</ModuleName>
      <Classes />
    </Module>
    <Module skippedDueTo="Filter" hash="A7-5A-79-9D-31-BB-24-38-A6-C1-18-BD-EA-D7-F6-5C-46-76-25-6B">
      <ModulePath>c:\Program Files\dotnet\sdk\2.2.103\Microsoft.ApplicationInsights.dll</ModulePath>
      <ModuleTime>2019-01-11T11:32:02Z</ModuleTime>
      <ModuleName>Microsoft.ApplicationInsights</ModuleName>
      <Classes />
    </Module>
    <Module skippedDueTo="Filter" hash="E6-48-7B-0B-D1-FA-22-17-AC-CC-95-AA-CA-1E-DE-A0-32-AD-49-E0">
      <ModulePath>c:\Program Files\dotnet\shared\Microsoft.NETCore.App\2.2.1\System.Reflection.Extensions.dll</ModulePath>
      <ModuleTime>2018-12-07T06:49:54Z</ModuleTime>
      <ModuleName>System.Reflection.Extensions</ModuleName>
      <Classes />
    </Module>
    <Module skippedDueTo="Filter" hash="56-91-F0-B1-3A-40-D9-F6-0A-98-CD-AE-7B-77-D9-97-9E-16-95-21">
      <ModulePath>c:\Program Files\dotnet\shared\Microsoft.NETCore.App\2.2.1\System.Reflection.dll</ModulePath>
      <ModuleTime>2018-12-07T06:49:54Z</ModuleTime>
      <ModuleName>System.Reflection</ModuleName>
      <Classes />
    </Module>
    <Module skippedDueTo="Filter" hash="A6-B5-56-17-1B-68-00-B2-D4-BC-C6-E6-FB-3C-6F-B4-E0-31-02-23">
      <ModulePath>c:\Program Files\dotnet\shared\Microsoft.NETCore.App\2.2.1\System.Xml.XDocument.dll</ModulePath>
      <ModuleTime>2018-12-07T06:49:54Z</ModuleTime>
      <ModuleName>System.Xml.XDocument</ModuleName>
      <Classes />
    </Module>
    <Module skippedDueTo="Filter" hash="15-B6-8D-2F-40-B3-C9-6D-12-7F-0D-F2-96-C1-FA-A1-B0-D6-93-4D">
      <ModulePath>c:\Program Files\dotnet\shared\Microsoft.NETCore.App\2.2.1\System.Private.Xml.Linq.dll</ModulePath>
      <ModuleTime>2018-12-07T06:49:52Z</ModuleTime>
      <ModuleName>System.Private.Xml.Linq</ModuleName>
      <Classes />
    </Module>
    <Module skippedDueTo="Filter" hash="DF-4D-2C-C0-27-CE-E1-D3-7B-6A-CE-48-56-6F-32-1E-E6-DC-68-41">
      <ModulePath>c:\Program Files\dotnet\shared\Microsoft.NETCore.App\2.2.1\System.Security.Cryptography.Algorithms.dll</ModulePath>
      <ModuleTime>2018-12-07T06:49:54Z</ModuleTime>
      <ModuleName>System.Security.Cryptography.Algorithms</ModuleName>
      <Classes />
    </Module>
    <Module skippedDueTo="Filter" hash="F0-18-48-24-BC-21-8B-DC-B2-1A-7C-EA-DA-AC-B7-21-15-98-A0-97">
      <ModulePath>c:\Program Files\dotnet\shared\Microsoft.NETCore.App\2.2.1\System.Security.Cryptography.Primitives.dll</ModulePath>
      <ModuleTime>2018-12-07T06:49:54Z</ModuleTime>
      <ModuleName>System.Security.Cryptography.Primitives</ModuleName>
      <Classes />
    </Module>
    <Module skippedDueTo="Filter" hash="BF-EE-00-02-46-BA-46-B9-5C-CD-EB-E9-48-50-BE-C6-26-87-41-3F">
      <ModulePath>c:\Program Files\dotnet\shared\Microsoft.NETCore.App\2.2.1\System.Private.Xml.dll</ModulePath>
      <ModuleTime>2018-12-07T06:49:52Z</ModuleTime>
      <ModuleName>System.Private.Xml</ModuleName>
      <Classes />
    </Module>
    <Module skippedDueTo="Filter" hash="89-08-D9-1A-CC-3A-4B-8B-EE-D7-5F-F0-5A-BE-53-44-20-1F-10-86">
      <ModulePath>c:\Program Files\dotnet\sdk\2.2.103\Microsoft.TemplateEngine.Cli.dll</ModulePath>
      <ModuleTime>2019-01-11T11:32:06Z</ModuleTime>
      <ModuleName>Microsoft.TemplateEngine.Cli</ModuleName>
      <Classes />
    </Module>
    <Module skippedDueTo="Filter" hash="B5-69-D5-12-D1-82-DB-32-71-B7-CD-82-E5-A4-47-C0-42-00-8B-7A">
      <ModulePath>c:\Program Files\dotnet\shared\Microsoft.NETCore.App\2.2.1\System.Xml.ReaderWriter.dll</ModulePath>
      <ModuleTime>2018-12-07T06:49:54Z</ModuleTime>
      <ModuleName>System.Xml.ReaderWriter</ModuleName>
      <Classes />
    </Module>
    <Module skippedDueTo="Filter" hash="66-8C-59-CB-18-C0-50-B0-F2-C2-BB-77-9D-7F-43-6A-A5-04-4B-48">
      <ModulePath>c:\Program Files\dotnet\shared\Microsoft.NETCore.App\2.2.1\System.Diagnostics.Tracing.dll</ModulePath>
      <ModuleTime>2018-12-07T06:49:52Z</ModuleTime>
      <ModuleName>System.Diagnostics.Tracing</ModuleName>
      <Classes />
    </Module>
    <Module skippedDueTo="Filter" hash="6D-41-8E-6C-7F-48-A8-99-38-66-80-E7-BD-08-7F-6A-2F-C0-58-6A">
      <ModulePath>c:\Program Files\dotnet\shared\Microsoft.NETCore.App\2.2.1\System.Resources.ResourceManager.dll</ModulePath>
      <ModuleTime>2018-12-07T06:49:54Z</ModuleTime>
      <ModuleName>System.Resources.ResourceManager</ModuleName>
      <Classes />
    </Module>
    <Module skippedDueTo="Filter" hash="07-0E-A6-AD-2F-57-46-59-D7-CE-99-98-24-6F-6F-06-FC-33-78-E6">
      <ModulePath>c:\Program Files\dotnet\shared\Microsoft.NETCore.App\2.2.1\System.Globalization.dll</ModulePath>
      <ModuleTime>2018-12-07T06:49:52Z</ModuleTime>
      <ModuleName>System.Globalization</ModuleName>
      <Classes />
    </Module>
    <Module skippedDueTo="Filter" hash="EA-85-85-9B-28-6F-2B-6B-96-B7-CF-C5-F7-BC-51-BC-A9-74-17-59">
      <ModulePath>c:\Program Files\dotnet\shared\Microsoft.NETCore.App\2.2.1\System.Private.Uri.dll</ModulePath>
      <ModuleTime>2018-12-07T06:49:52Z</ModuleTime>
      <ModuleName>System.Private.Uri</ModuleName>
      <Classes />
    </Module>
    <Module skippedDueTo="Filter" hash="A6-A8-FD-11-C0-DC-D6-9C-52-E2-87-88-71-36-E7-E9-E7-E3-CF-39">
      <ModulePath>c:\Program Files\dotnet\shared\Microsoft.NETCore.App\2.2.1\System.Threading.Tasks.dll</ModulePath>
      <ModuleTime>2018-12-07T06:49:54Z</ModuleTime>
      <ModuleName>System.Threading.Tasks</ModuleName>
      <Classes />
    </Module>
    <Module skippedDueTo="Filter" hash="DE-7D-B8-6A-53-47-6B-C3-26-4A-2A-60-CC-B0-D3-D1-0F-D0-60-6B">
      <ModulePath>c:\Program Files\dotnet\shared\Microsoft.NETCore.App\2.2.1\System.Text.RegularExpressions.dll</ModulePath>
      <ModuleTime>2018-12-07T06:49:54Z</ModuleTime>
      <ModuleName>System.Text.RegularExpressions</ModuleName>
      <Classes />
    </Module>
    <Module skippedDueTo="Filter" hash="BA-5F-84-78-7B-58-24-9F-05-56-4F-AB-AC-F4-BA-15-5C-9C-8B-CF">
      <ModulePath>c:\Program Files\dotnet\shared\Microsoft.NETCore.App\2.2.1\System.Buffers.dll</ModulePath>
      <ModuleTime>2018-12-07T06:49:52Z</ModuleTime>
      <ModuleName>System.Buffers</ModuleName>
      <Classes />
    </Module>
    <Module skippedDueTo="Filter" hash="42-21-E3-74-56-3F-19-42-FD-AD-91-0B-4C-6A-3A-D1-DE-76-F8-19">
      <ModulePath>c:\Program Files\dotnet\shared\Microsoft.NETCore.App\2.2.1\System.Reflection.Emit.ILGeneration.dll</ModulePath>
      <ModuleTime>2018-12-07T06:49:54Z</ModuleTime>
      <ModuleName>System.Reflection.Emit.ILGeneration</ModuleName>
      <Classes />
    </Module>
    <Module skippedDueTo="Filter" hash="8D-C7-2A-E7-98-76-73-4F-5E-6B-3C-48-E2-5C-0A-3E-44-CF-07-E6">
      <ModulePath>c:\Program Files\dotnet\shared\Microsoft.NETCore.App\2.2.1\Microsoft.Win32.Registry.dll</ModulePath>
      <ModuleTime>2018-12-07T06:49:52Z</ModuleTime>
      <ModuleName>Microsoft.Win32.Registry</ModuleName>
      <Classes />
    </Module>
    <Module skippedDueTo="Filter" hash="1A-04-E0-EB-75-27-FA-89-84-F0-B5-36-C1-B0-7B-C9-7A-C8-BA-81">
      <ModulePath>c:\Program Files\dotnet\shared\Microsoft.NETCore.App\2.2.1\System.Reflection.Emit.Lightweight.dll</ModulePath>
      <ModuleTime>2018-12-07T06:49:54Z</ModuleTime>
      <ModuleName>System.Reflection.Emit.Lightweight</ModuleName>
      <Classes />
    </Module>
    <Module skippedDueTo="Filter" hash="BA-1E-C6-06-78-44-E6-B5-67-D9-53-DA-A0-A5-C1-2B-DB-79-29-3A">
      <ModulePath>c:\Program Files\dotnet\shared\Microsoft.NETCore.App\2.2.1\System.Reflection.Primitives.dll</ModulePath>
      <ModuleTime>2018-12-07T06:49:54Z</ModuleTime>
      <ModuleName>System.Reflection.Primitives</ModuleName>
      <Classes />
    </Module>
    <Module skippedDueTo="Filter" hash="06-7E-65-20-DA-53-DB-B3-D7-2F-44-1D-90-D2-B9-BF-70-A0-D0-86">
      <ModulePath>c:\Program Files\dotnet\shared\Microsoft.NETCore.App\2.2.1\System.Diagnostics.Tools.dll</ModulePath>
      <ModuleTime>2018-12-07T06:49:52Z</ModuleTime>
      <ModuleName>System.Diagnostics.Tools</ModuleName>
      <Classes />
    </Module>
    <Module skippedDueTo="Filter" hash="35-1A-C7-FD-EF-FF-94-5E-AB-99-7F-DB-E9-37-A5-A0-15-0C-1E-51">
      <ModulePath>c:\Program Files\dotnet\sdk\2.2.103\Microsoft.TemplateEngine.Utils.dll</ModulePath>
      <ModuleTime>2019-01-11T11:32:02Z</ModuleTime>
      <ModuleName>Microsoft.TemplateEngine.Utils</ModuleName>
      <Classes />
    </Module>
    <Module skippedDueTo="Filter" hash="8E-DF-1D-F6-B0-6B-1C-DA-34-5B-88-61-C9-2B-76-0D-81-7A-40-55">
      <ModulePath>c:\Program Files\dotnet\shared\Microsoft.NETCore.App\2.2.1\System.Diagnostics.Debug.dll</ModulePath>
      <ModuleTime>2018-12-07T06:49:52Z</ModuleTime>
      <ModuleName>System.Diagnostics.Debug</ModuleName>
      <Classes />
    </Module>
    <Module skippedDueTo="Filter" hash="C8-68-E4-28-51-37-66-F8-FE-BC-61-5F-EE-97-9A-59-10-0A-E0-02">
      <ModulePath>c:\Program Files\dotnet\shared\Microsoft.NETCore.App\2.2.1\System.Text.Encoding.dll</ModulePath>
      <ModuleTime>2018-12-07T06:49:54Z</ModuleTime>
      <ModuleName>System.Text.Encoding</ModuleName>
      <Classes />
    </Module>
    <Module skippedDueTo="Filter" hash="8B-2A-2B-98-8B-4F-83-03-DC-8D-7A-39-A0-3A-C7-66-A8-7E-2C-CA">
      <ModulePath>c:\Program Files\dotnet\shared\Microsoft.NETCore.App\2.2.1\System.IO.Compression.dll</ModulePath>
      <ModuleTime>2018-12-07T06:49:52Z</ModuleTime>
      <ModuleName>System.IO.Compression</ModuleName>
      <Classes />
    </Module>
    <Module skippedDueTo="Filter" hash="12-BB-3F-AF-DA-4F-81-AB-10-38-DC-E7-41-EF-9F-9A-0B-10-F2-1E">
      <ModulePath>c:\Program Files\dotnet\shared\Microsoft.NETCore.App\2.2.1\System.Net.Http.dll</ModulePath>
      <ModuleTime>2018-12-07T06:49:52Z</ModuleTime>
      <ModuleName>System.Net.Http</ModuleName>
      <Classes />
    </Module>
    <Module skippedDueTo="Filter" hash="69-82-49-EC-77-1B-B1-0C-4C-E1-07-86-51-FC-E9-A2-7D-F2-5E-F7">
      <ModulePath>c:\Program Files\dotnet\shared\Microsoft.NETCore.App\2.2.1\System.Net.Primitives.dll</ModulePath>
      <ModuleTime>2018-12-07T06:49:52Z</ModuleTime>
      <ModuleName>System.Net.Primitives</ModuleName>
      <Classes />
    </Module>
    <Module skippedDueTo="Filter" hash="EB-49-A1-B7-3F-B0-26-65-F0-18-44-97-2C-09-BE-1E-D6-94-0D-E4">
      <ModulePath>c:\Program Files\dotnet\shared\Microsoft.NETCore.App\2.2.1\System.Net.Security.dll</ModulePath>
      <ModuleTime>2018-12-07T06:49:52Z</ModuleTime>
      <ModuleName>System.Net.Security</ModuleName>
      <Classes />
    </Module>
    <Module skippedDueTo="Filter" hash="97-EC-5F-12-CB-84-BB-21-82-2C-92-54-D0-D7-D0-09-B9-60-78-63">
      <ModulePath>c:\Program Files\dotnet\shared\Microsoft.NETCore.App\2.2.1\System.Security.Cryptography.X509Certificates.dll</ModulePath>
      <ModuleTime>2018-12-07T06:49:54Z</ModuleTime>
      <ModuleName>System.Security.Cryptography.X509Certificates</ModuleName>
      <Classes />
    </Module>
    <Module skippedDueTo="Filter" hash="9A-AC-27-31-27-5B-C0-19-59-1F-34-75-98-A2-B6-06-71-C0-CC-41">
      <ModulePath>c:\Program Files\dotnet\shared\Microsoft.NETCore.App\2.2.1\System.Diagnostics.DiagnosticSource.dll</ModulePath>
      <ModuleTime>2018-12-07T06:49:52Z</ModuleTime>
      <ModuleName>System.Diagnostics.DiagnosticSource</ModuleName>
      <Classes />
    </Module>
    <Module skippedDueTo="Filter" hash="65-AD-94-65-48-49-D3-EB-B1-B2-7D-69-B5-A6-D5-47-C8-02-A0-F7">
      <ModulePath>c:\Program Files\dotnet\shared\Microsoft.NETCore.App\2.2.1\Microsoft.Win32.Primitives.dll</ModulePath>
      <ModuleTime>2018-12-07T06:49:52Z</ModuleTime>
      <ModuleName>Microsoft.Win32.Primitives</ModuleName>
      <Classes />
    </Module>
    <Module skippedDueTo="Filter" hash="AF-1D-D9-AA-09-1A-F4-F3-4D-F5-12-A6-8B-CB-A1-EC-E6-CF-4D-0C">
      <ModulePath>c:\Program Files\dotnet\shared\Microsoft.NETCore.App\2.2.1\System.Collections.NonGeneric.dll</ModulePath>
      <ModuleTime>2018-12-07T06:49:52Z</ModuleTime>
      <ModuleName>System.Collections.NonGeneric</ModuleName>
      <Classes />
    </Module>
    <Module skippedDueTo="Filter" hash="33-C9-05-7C-F5-36-E3-17-C3-5C-1F-66-60-D0-F0-6B-FA-3C-14-99">
      <ModulePath>c:\Program Files\dotnet\shared\Microsoft.NETCore.App\2.2.1\System.Threading.Timer.dll</ModulePath>
      <ModuleTime>2018-12-07T06:49:54Z</ModuleTime>
      <ModuleName>System.Threading.Timer</ModuleName>
      <Classes />
    </Module>
    <Module skippedDueTo="Filter" hash="A0-38-3B-07-04-B9-EA-E0-CA-E7-5E-97-5F-EF-DD-7F-0E-C8-BF-69">
      <ModulePath>c:\Program Files\dotnet\sdk\2.2.103\Microsoft.Build.Framework.dll</ModulePath>
      <ModuleTime>2019-01-11T11:32:04Z</ModuleTime>
      <ModuleName>Microsoft.Build.Framework</ModuleName>
      <Classes />
    </Module>
    <Module skippedDueTo="Filter" hash="FB-B2-91-AC-94-AA-B6-AC-6B-38-04-F3-8D-B6-63-2F-5B-2A-6B-86">
      <ModulePath>c:\Program Files\dotnet\shared\Microsoft.NETCore.App\2.2.1\System.Net.NetworkInformation.dll</ModulePath>
      <ModuleTime>2018-12-07T06:49:52Z</ModuleTime>
      <ModuleName>System.Net.NetworkInformation</ModuleName>
      <Classes />
    </Module>
    <Module skippedDueTo="Filter" hash="B9-C4-E2-59-3B-F2-34-52-8E-76-A4-56-36-EE-F9-0B-F2-0B-15-3D">
      <ModulePath>c:\Program Files\dotnet\shared\Microsoft.NETCore.App\2.2.1\System.ComponentModel.Primitives.dll</ModulePath>
      <ModuleTime>2018-12-07T06:49:52Z</ModuleTime>
      <ModuleName>System.ComponentModel.Primitives</ModuleName>
      <Classes />
    </Module>
    <Module skippedDueTo="Filter" hash="EA-8F-42-72-6B-A4-29-DE-76-EA-62-61-1A-C7-FC-97-58-72-55-56">
      <ModulePath>c:\Program Files\dotnet\shared\Microsoft.NETCore.App\2.2.1\System.Net.Sockets.dll</ModulePath>
      <ModuleTime>2018-12-07T06:49:52Z</ModuleTime>
      <ModuleName>System.Net.Sockets</ModuleName>
      <Classes />
    </Module>
    <Module skippedDueTo="Filter" hash="55-AE-99-16-3C-79-CB-B9-C7-F9-33-C5-7C-BF-BC-8E-4B-D4-F9-B3">
      <ModulePath>c:\Program Files\dotnet\shared\Microsoft.NETCore.App\2.2.1\System.Threading.Overlapped.dll</ModulePath>
      <ModuleTime>2018-12-07T06:49:54Z</ModuleTime>
      <ModuleName>System.Threading.Overlapped</ModuleName>
      <Classes />
    </Module>
    <Module skippedDueTo="Filter" hash="C3-FA-03-10-D3-F2-78-42-A5-22-75-1F-F3-4E-2D-E6-49-CF-94-B2">
      <ModulePath>c:\Program Files\dotnet\shared\Microsoft.NETCore.App\2.2.1\System.Net.NameResolution.dll</ModulePath>
      <ModuleTime>2018-12-07T06:49:52Z</ModuleTime>
      <ModuleName>System.Net.NameResolution</ModuleName>
      <Classes />
    </Module>
    <Module skippedDueTo="Filter" hash="0F-DE-74-D5-C9-70-94-BC-64-99-4A-DB-A0-E2-40-03-3F-87-FB-FA">
      <ModulePath>c:\Program Files\dotnet\shared\Microsoft.NETCore.App\2.2.1\System.Security.Principal.Windows.dll</ModulePath>
      <ModuleTime>2018-12-07T06:49:54Z</ModuleTime>
      <ModuleName>System.Security.Principal.Windows</ModuleName>
      <Classes />
    </Module>
    <Module skippedDueTo="Filter" hash="65-59-B2-FA-CB-BF-8A-FE-EB-FA-C5-1B-73-76-88-68-19-B1-7C-67">
      <ModulePath>c:\Program Files\dotnet\shared\Microsoft.NETCore.App\2.2.1\System.Security.Claims.dll</ModulePath>
      <ModuleTime>2018-12-07T06:49:54Z</ModuleTime>
      <ModuleName>System.Security.Claims</ModuleName>
      <Classes />
    </Module>
    <Module skippedDueTo="Filter" hash="E4-39-FF-1B-EA-9C-FD-49-A2-82-E0-F8-41-FB-06-9B-B5-4D-56-6A">
      <ModulePath>c:\Program Files\dotnet\shared\Microsoft.NETCore.App\2.2.1\System.Security.Principal.dll</ModulePath>
      <ModuleTime>2018-12-07T06:49:54Z</ModuleTime>
      <ModuleName>System.Security.Principal</ModuleName>
      <Classes />
    </Module>
    <Module skippedDueTo="Filter" hash="55-B2-27-2A-02-73-D2-7B-08-AD-25-E6-7E-6C-73-0D-88-60-56-A7">
      <ModulePath>c:\Program Files\dotnet\shared\Microsoft.NETCore.App\2.2.1\System.Security.Cryptography.Encoding.dll</ModulePath>
      <ModuleTime>2018-12-07T06:49:54Z</ModuleTime>
      <ModuleName>System.Security.Cryptography.Encoding</ModuleName>
      <Classes />
    </Module>
    <Module skippedDueTo="Filter" hash="D0-E3-EB-62-89-BF-DD-84-5E-03-19-61-22-D3-5E-C3-5F-81-55-CD">
      <ModulePath>c:\Program Files\dotnet\shared\Microsoft.NETCore.App\2.2.1\System.Threading.ThreadPool.dll</ModulePath>
      <ModuleTime>2018-12-07T06:49:54Z</ModuleTime>
      <ModuleName>System.Threading.ThreadPool</ModuleName>
      <Classes />
    </Module>
    <Module skippedDueTo="Filter" hash="0A-60-0F-1A-B2-BF-7E-E6-5A-66-3B-A1-6B-4F-EE-1D-6A-30-91-8B">
      <ModulePath>c:\Program Files\dotnet\shared\Microsoft.NETCore.App\2.2.1\System.Private.CoreLib.dll</ModulePath>
      <ModuleTime>2018-12-07T06:49:54Z</ModuleTime>
      <ModuleName>System.Private.CoreLib</ModuleName>
      <Classes />
    </Module>
    <Module skippedDueTo="Filter" hash="AB-C5-F9-89-E6-32-62-73-48-91-1C-5A-A3-D8-E5-51-78-A2-6B-AD">
      <ModulePath>c:\Program Files\dotnet\sdk\2.2.103\MSBuild.dll</ModulePath>
      <ModuleTime>2019-01-11T11:35:52Z</ModuleTime>
      <ModuleName>MSBuild</ModuleName>
      <Classes />
    </Module>
    <Module skippedDueTo="Filter" hash="65-AC-04-69-F4-DE-56-A1-6C-9A-4E-D5-FD-1B-CA-22-EA-08-DD-D2">
      <ModulePath>c:\Program Files\dotnet\shared\Microsoft.NETCore.App\2.2.1\System.Runtime.dll</ModulePath>
      <ModuleTime>2018-12-07T06:49:54Z</ModuleTime>
      <ModuleName>System.Runtime</ModuleName>
      <Classes />
    </Module>
    <Module skippedDueTo="Filter" hash="13-99-77-53-EA-03-4B-C2-B3-31-A3-8D-F5-07-A6-65-CE-BA-BC-7D">
      <ModulePath>c:\Program Files\dotnet\shared\Microsoft.NETCore.App\2.2.1\System.Runtime.Extensions.dll</ModulePath>
      <ModuleTime>2018-12-07T06:49:54Z</ModuleTime>
      <ModuleName>System.Runtime.Extensions</ModuleName>
      <Classes />
    </Module>
    <Module skippedDueTo="Filter" hash="BF-15-8A-55-E6-B0-F2-A5-9B-39-43-9D-9A-BE-42-7C-D1-A4-3A-4E">
      <ModulePath>c:\Program Files\dotnet\shared\Microsoft.NETCore.App\2.2.1\System.Threading.dll</ModulePath>
      <ModuleTime>2018-12-07T06:49:54Z</ModuleTime>
      <ModuleName>System.Threading</ModuleName>
      <Classes />
    </Module>
    <Module skippedDueTo="Filter" hash="7C-B8-67-05-60-55-60-51-D3-15-F2-AE-62-0A-46-C8-A2-57-03-D3">
      <ModulePath>c:\Program Files\dotnet\shared\Microsoft.NETCore.App\2.2.1\System.Runtime.InteropServices.RuntimeInformation.dll</ModulePath>
      <ModuleTime>2018-12-07T06:49:54Z</ModuleTime>
      <ModuleName>System.Runtime.InteropServices.RuntimeInformation</ModuleName>
      <Classes />
    </Module>
    <Module skippedDueTo="Filter" hash="66-8A-49-48-58-41-51-CC-9D-F2-90-0F-7B-53-2E-41-6C-D6-F5-1E">
      <ModulePath>c:\Program Files\dotnet\shared\Microsoft.NETCore.App\2.2.1\System.Linq.dll</ModulePath>
      <ModuleTime>2018-12-07T06:49:52Z</ModuleTime>
      <ModuleName>System.Linq</ModuleName>
      <Classes />
    </Module>
    <Module skippedDueTo="Filter" hash="DE-7D-B8-6A-53-47-6B-C3-26-4A-2A-60-CC-B0-D3-D1-0F-D0-60-6B">
      <ModulePath>c:\Program Files\dotnet\shared\Microsoft.NETCore.App\2.2.1\System.Text.RegularExpressions.dll</ModulePath>
      <ModuleTime>2018-12-07T06:49:54Z</ModuleTime>
      <ModuleName>System.Text.RegularExpressions</ModuleName>
      <Classes />
    </Module>
    <Module skippedDueTo="Filter" hash="28-B8-86-93-73-A3-C1-FD-7B-88-20-2E-8E-15-7A-27-84-AE-35-CE">
      <ModulePath>c:\Program Files\dotnet\shared\Microsoft.NETCore.App\2.2.1\System.Collections.dll</ModulePath>
      <ModuleTime>2018-12-07T06:49:52Z</ModuleTime>
      <ModuleName>System.Collections</ModuleName>
      <Classes />
    </Module>
    <Module skippedDueTo="Filter" hash="BA-5F-84-78-7B-58-24-9F-05-56-4F-AB-AC-F4-BA-15-5C-9C-8B-CF">
      <ModulePath>c:\Program Files\dotnet\shared\Microsoft.NETCore.App\2.2.1\System.Buffers.dll</ModulePath>
      <ModuleTime>2018-12-07T06:49:52Z</ModuleTime>
      <ModuleName>System.Buffers</ModuleName>
      <Classes />
    </Module>
    <Module skippedDueTo="Filter" hash="AE-4C-24-02-49-C5-9B-49-F4-59-EC-9F-71-9F-9E-2E-17-7B-FA-98">
      <ModulePath>c:\Program Files\dotnet\shared\Microsoft.NETCore.App\2.2.1\System.IO.FileSystem.dll</ModulePath>
      <ModuleTime>2018-12-07T06:49:52Z</ModuleTime>
      <ModuleName>System.IO.FileSystem</ModuleName>
      <Classes />
    </Module>
    <Module skippedDueTo="Filter" hash="F3-DA-DD-7B-50-40-E0-80-6C-20-50-A9-46-36-34-99-1F-8E-18-95">
      <ModulePath>c:\Program Files\dotnet\shared\Microsoft.NETCore.App\2.2.1\System.Memory.dll</ModulePath>
      <ModuleTime>2018-12-07T06:49:52Z</ModuleTime>
      <ModuleName>System.Memory</ModuleName>
      <Classes />
    </Module>
    <Module skippedDueTo="Filter" hash="D6-A0-8F-50-E7-2C-69-C6-C2-52-8B-7D-D8-D1-9C-E3-59-F4-E1-DB">
      <ModulePath>c:\Program Files\dotnet\shared\Microsoft.NETCore.App\2.2.1\System.Runtime.InteropServices.dll</ModulePath>
      <ModuleTime>2018-12-07T06:49:54Z</ModuleTime>
      <ModuleName>System.Runtime.InteropServices</ModuleName>
      <Classes />
    </Module>
    <Module skippedDueTo="Filter" hash="83-64-44-A6-64-EB-27-D0-AD-81-8E-E2-3A-CA-AA-59-03-B2-5A-8F">
      <ModulePath>c:\Program Files\dotnet\shared\Microsoft.NETCore.App\2.2.1\System.Console.dll</ModulePath>
      <ModuleTime>2018-12-07T06:49:52Z</ModuleTime>
      <ModuleName>System.Console</ModuleName>
      <Classes />
    </Module>
    <Module skippedDueTo="Filter" hash="6C-B6-95-9D-23-E2-61-08-96-4F-D7-8B-8D-F1-80-F1-A4-2F-6A-91">
      <ModulePath>c:\Program Files\dotnet\shared\Microsoft.NETCore.App\2.2.1\System.Diagnostics.Process.dll</ModulePath>
      <ModuleTime>2018-12-07T06:49:52Z</ModuleTime>
      <ModuleName>System.Diagnostics.Process</ModuleName>
      <Classes />
    </Module>
    <Module skippedDueTo="Filter" hash="B9-C4-E2-59-3B-F2-34-52-8E-76-A4-56-36-EE-F9-0B-F2-0B-15-3D">
      <ModulePath>c:\Program Files\dotnet\shared\Microsoft.NETCore.App\2.2.1\System.ComponentModel.Primitives.dll</ModulePath>
      <ModuleTime>2018-12-07T06:49:52Z</ModuleTime>
      <ModuleName>System.ComponentModel.Primitives</ModuleName>
      <Classes />
    </Module>
    <Module skippedDueTo="Filter" hash="A0-38-3B-07-04-B9-EA-E0-CA-E7-5E-97-5F-EF-DD-7F-0E-C8-BF-69">
      <ModulePath>c:\Program Files\dotnet\sdk\2.2.103\Microsoft.Build.Framework.dll</ModulePath>
      <ModuleTime>2019-01-11T11:32:04Z</ModuleTime>
      <ModuleName>Microsoft.Build.Framework</ModuleName>
      <Classes />
    </Module>
    <Module skippedDueTo="Filter" hash="00-E6-B6-43-DD-34-02-12-2C-95-C1-E7-75-49-CD-BE-29-38-49-1E">
      <ModulePath>c:\Program Files\dotnet\shared\Microsoft.NETCore.App\2.2.1\netstandard.dll</ModulePath>
      <ModuleTime>2018-12-07T06:49:54Z</ModuleTime>
      <ModuleName>netstandard</ModuleName>
      <Classes />
    </Module>
    <Module skippedDueTo="Filter" hash="63-BB-E6-8C-DA-B8-39-AA-CA-7C-CA-26-ED-ED-C3-30-0A-E2-01-91">
      <ModulePath>c:\Program Files\dotnet\sdk\2.2.103\Microsoft.Build.dll</ModulePath>
      <ModuleTime>2019-01-11T11:32:12Z</ModuleTime>
      <ModuleName>Microsoft.Build</ModuleName>
      <Classes />
    </Module>
    <Module skippedDueTo="Filter" hash="68-BA-7D-74-81-92-A6-86-E1-18-6A-D3-C2-59-D0-7A-0E-44-79-70">
      <ModulePath>c:\Program Files\dotnet\sdk\2.2.103\runtimes\win\lib\netcoreapp2.0\System.Text.Encoding.CodePages.dll</ModulePath>
      <ModuleTime>2019-01-11T11:31:04Z</ModuleTime>
      <ModuleName>System.Text.Encoding.CodePages</ModuleName>
      <Classes />
    </Module>
    <Module skippedDueTo="Filter" hash="C1-B9-DD-E1-4D-A5-D3-42-A3-CE-4C-61-BA-98-05-EA-A5-77-48-B7">
      <ModulePath>c:\Program Files\dotnet\shared\Microsoft.NETCore.App\2.2.1\System.Collections.Concurrent.dll</ModulePath>
      <ModuleTime>2018-12-07T06:49:52Z</ModuleTime>
      <ModuleName>System.Collections.Concurrent</ModuleName>
      <Classes />
    </Module>
    <Module skippedDueTo="Filter" hash="14-76-1A-EE-F5-5D-00-48-40-11-C1-AD-F9-5B-8A-CE-4E-48-8C-C6">
      <ModulePath>c:\Program Files\dotnet\sdk\2.2.103\dotnet.dll</ModulePath>
      <ModuleTime>2019-01-11T11:31:06Z</ModuleTime>
      <ModuleName>dotnet</ModuleName>
      <Classes />
    </Module>
    <Module skippedDueTo="Filter" hash="19-4E-CC-EA-8E-BF-CB-66-B3-33-B1-60-5B-E3-24-26-F5-04-53-CA">
      <ModulePath>c:\Program Files\dotnet\sdk\2.2.103\Microsoft.DotNet.Tools.MigrateCommand.dll</ModulePath>
      <ModuleTime>2019-01-11T11:32:06Z</ModuleTime>
      <ModuleName>Microsoft.DotNet.Tools.MigrateCommand</ModuleName>
      <Classes />
    </Module>
    <Module skippedDueTo="Filter" hash="6E-F5-93-4A-73-77-60-55-B0-26-AF-54-C6-12-B8-60-A1-B9-5A-8A">
      <ModulePath>c:\Program Files\dotnet\sdk\2.2.103\Microsoft.DotNet.Configurer.dll</ModulePath>
      <ModuleTime>2019-01-11T11:32:10Z</ModuleTime>
      <ModuleName>Microsoft.DotNet.Configurer</ModuleName>
      <Classes />
    </Module>
    <Module skippedDueTo="Filter" hash="5C-BD-81-5B-9E-96-E6-EE-60-3C-90-73-14-3E-21-46-25-B7-95-15">
      <ModulePath>c:\Program Files\dotnet\sdk\2.2.103\Microsoft.DotNet.Cli.Utils.dll</ModulePath>
      <ModuleTime>2019-01-11T11:32:06Z</ModuleTime>
      <ModuleName>Microsoft.DotNet.Cli.Utils</ModuleName>
      <Classes />
    </Module>
    <Module skippedDueTo="Filter" hash="AA-71-2A-5A-60-62-09-06-AB-B9-9E-30-B9-44-30-86-41-55-D1-20">
      <ModulePath>c:\Program Files\dotnet\sdk\2.2.103\NuGet.Frameworks.dll</ModulePath>
      <ModuleTime>2019-01-11T11:35:32Z</ModuleTime>
      <ModuleName>NuGet.Frameworks</ModuleName>
      <Classes />
    </Module>
    <Module skippedDueTo="Filter" hash="03-15-54-67-75-14-2D-26-18-CB-EC-D0-B0-67-37-D9-D4-D9-69-29">
      <ModulePath>c:\Program Files\dotnet\sdk\2.2.103\Microsoft.DotNet.InternalAbstractions.dll</ModulePath>
      <ModuleTime>2019-01-11T11:32:00Z</ModuleTime>
      <ModuleName>Microsoft.DotNet.InternalAbstractions</ModuleName>
      <Classes />
    </Module>
    <Module skippedDueTo="Filter" hash="8E-0E-0B-C1-F7-83-D9-1F-CC-4F-BE-04-E4-06-DF-81-6F-AD-6E-64">
      <ModulePath>c:\Program Files\dotnet\shared\Microsoft.NETCore.App\2.2.1\System.IO.FileSystem.Primitives.dll</ModulePath>
      <ModuleTime>2018-12-07T06:49:52Z</ModuleTime>
      <ModuleName>System.IO.FileSystem.Primitives</ModuleName>
      <Classes />
    </Module>
    <Module skippedDueTo="Filter" hash="60-9C-E5-29-EA-B4-83-AF-38-56-0B-F3-63-0C-0B-94-4D-15-85-FD">
      <ModulePath>c:\Program Files\dotnet\shared\Microsoft.NETCore.App\2.2.1\System.Text.Encoding.Extensions.dll</ModulePath>
      <ModuleTime>2018-12-07T06:49:54Z</ModuleTime>
      <ModuleName>System.Text.Encoding.Extensions</ModuleName>
      <Classes />
    </Module>
    <Module skippedDueTo="Filter" hash="A7-5A-79-9D-31-BB-24-38-A6-C1-18-BD-EA-D7-F6-5C-46-76-25-6B">
      <ModulePath>c:\Program Files\dotnet\sdk\2.2.103\Microsoft.ApplicationInsights.dll</ModulePath>
      <ModuleTime>2019-01-11T11:32:02Z</ModuleTime>
      <ModuleName>Microsoft.ApplicationInsights</ModuleName>
      <Classes />
    </Module>
    <Module skippedDueTo="Filter" hash="01-61-F1-A8-6F-90-42-37-00-83-C8-59-39-B8-48-30-6D-A4-A4-FF">
      <ModulePath>c:\Program Files\dotnet\sdk\2.2.103\Microsoft.DotNet.PlatformAbstractions.dll</ModulePath>
      <ModuleTime>2019-01-11T11:32:06Z</ModuleTime>
      <ModuleName>Microsoft.DotNet.PlatformAbstractions</ModuleName>
      <Classes />
    </Module>
    <Module skippedDueTo="Filter" hash="E6-48-7B-0B-D1-FA-22-17-AC-CC-95-AA-CA-1E-DE-A0-32-AD-49-E0">
      <ModulePath>c:\Program Files\dotnet\shared\Microsoft.NETCore.App\2.2.1\System.Reflection.Extensions.dll</ModulePath>
      <ModuleTime>2018-12-07T06:49:54Z</ModuleTime>
      <ModuleName>System.Reflection.Extensions</ModuleName>
      <Classes />
    </Module>
    <Module skippedDueTo="Filter" hash="56-91-F0-B1-3A-40-D9-F6-0A-98-CD-AE-7B-77-D9-97-9E-16-95-21">
      <ModulePath>c:\Program Files\dotnet\shared\Microsoft.NETCore.App\2.2.1\System.Reflection.dll</ModulePath>
      <ModuleTime>2018-12-07T06:49:54Z</ModuleTime>
      <ModuleName>System.Reflection</ModuleName>
      <Classes />
    </Module>
    <Module skippedDueTo="Filter" hash="A6-B5-56-17-1B-68-00-B2-D4-BC-C6-E6-FB-3C-6F-B4-E0-31-02-23">
      <ModulePath>c:\Program Files\dotnet\shared\Microsoft.NETCore.App\2.2.1\System.Xml.XDocument.dll</ModulePath>
      <ModuleTime>2018-12-07T06:49:54Z</ModuleTime>
      <ModuleName>System.Xml.XDocument</ModuleName>
      <Classes />
    </Module>
    <Module skippedDueTo="Filter" hash="15-B6-8D-2F-40-B3-C9-6D-12-7F-0D-F2-96-C1-FA-A1-B0-D6-93-4D">
      <ModulePath>c:\Program Files\dotnet\shared\Microsoft.NETCore.App\2.2.1\System.Private.Xml.Linq.dll</ModulePath>
      <ModuleTime>2018-12-07T06:49:52Z</ModuleTime>
      <ModuleName>System.Private.Xml.Linq</ModuleName>
      <Classes />
    </Module>
    <Module skippedDueTo="Filter" hash="BF-EE-00-02-46-BA-46-B9-5C-CD-EB-E9-48-50-BE-C6-26-87-41-3F">
      <ModulePath>c:\Program Files\dotnet\shared\Microsoft.NETCore.App\2.2.1\System.Private.Xml.dll</ModulePath>
      <ModuleTime>2018-12-07T06:49:52Z</ModuleTime>
      <ModuleName>System.Private.Xml</ModuleName>
      <Classes />
    </Module>
    <Module skippedDueTo="Filter" hash="B5-69-D5-12-D1-82-DB-32-71-B7-CD-82-E5-A4-47-C0-42-00-8B-7A">
      <ModulePath>c:\Program Files\dotnet\shared\Microsoft.NETCore.App\2.2.1\System.Xml.ReaderWriter.dll</ModulePath>
      <ModuleTime>2018-12-07T06:49:54Z</ModuleTime>
      <ModuleName>System.Xml.ReaderWriter</ModuleName>
      <Classes />
    </Module>
    <Module skippedDueTo="Filter" hash="66-8C-59-CB-18-C0-50-B0-F2-C2-BB-77-9D-7F-43-6A-A5-04-4B-48">
      <ModulePath>c:\Program Files\dotnet\shared\Microsoft.NETCore.App\2.2.1\System.Diagnostics.Tracing.dll</ModulePath>
      <ModuleTime>2018-12-07T06:49:52Z</ModuleTime>
      <ModuleName>System.Diagnostics.Tracing</ModuleName>
      <Classes />
    </Module>
    <Module skippedDueTo="Filter" hash="EA-85-85-9B-28-6F-2B-6B-96-B7-CF-C5-F7-BC-51-BC-A9-74-17-59">
      <ModulePath>c:\Program Files\dotnet\shared\Microsoft.NETCore.App\2.2.1\System.Private.Uri.dll</ModulePath>
      <ModuleTime>2018-12-07T06:49:52Z</ModuleTime>
      <ModuleName>System.Private.Uri</ModuleName>
      <Classes />
    </Module>
    <Module skippedDueTo="Filter" hash="A6-A8-FD-11-C0-DC-D6-9C-52-E2-87-88-71-36-E7-E9-E7-E3-CF-39">
      <ModulePath>c:\Program Files\dotnet\shared\Microsoft.NETCore.App\2.2.1\System.Threading.Tasks.dll</ModulePath>
      <ModuleTime>2018-12-07T06:49:54Z</ModuleTime>
      <ModuleName>System.Threading.Tasks</ModuleName>
      <Classes />
    </Module>
    <Module skippedDueTo="Filter" hash="07-0E-A6-AD-2F-57-46-59-D7-CE-99-98-24-6F-6F-06-FC-33-78-E6">
      <ModulePath>c:\Program Files\dotnet\shared\Microsoft.NETCore.App\2.2.1\System.Globalization.dll</ModulePath>
      <ModuleTime>2018-12-07T06:49:52Z</ModuleTime>
      <ModuleName>System.Globalization</ModuleName>
      <Classes />
    </Module>
    <Module skippedDueTo="Filter" hash="06-4F-B4-33-AD-AF-E7-8A-CE-26-88-8E-57-86-C8-E7-08-6D-E4-3B">
      <ModulePath>c:\Program Files\dotnet\shared\Microsoft.NETCore.App\2.2.1\System.Threading.Tasks.Dataflow.dll</ModulePath>
      <ModuleTime>2018-12-07T06:49:54Z</ModuleTime>
      <ModuleName>System.Threading.Tasks.Dataflow</ModuleName>
      <Classes />
    </Module>
    <Module skippedDueTo="Filter" hash="DF-4D-2C-C0-27-CE-E1-D3-7B-6A-CE-48-56-6F-32-1E-E6-DC-68-41">
      <ModulePath>c:\Program Files\dotnet\shared\Microsoft.NETCore.App\2.2.1\System.Security.Cryptography.Algorithms.dll</ModulePath>
      <ModuleTime>2018-12-07T06:49:54Z</ModuleTime>
      <ModuleName>System.Security.Cryptography.Algorithms</ModuleName>
      <Classes />
    </Module>
    <Module skippedDueTo="Filter" hash="F0-18-48-24-BC-21-8B-DC-B2-1A-7C-EA-DA-AC-B7-21-15-98-A0-97">
      <ModulePath>c:\Program Files\dotnet\shared\Microsoft.NETCore.App\2.2.1\System.Security.Cryptography.Primitives.dll</ModulePath>
      <ModuleTime>2018-12-07T06:49:54Z</ModuleTime>
      <ModuleName>System.Security.Cryptography.Primitives</ModuleName>
      <Classes />
    </Module>
    <Module skippedDueTo="Filter" hash="8D-C7-2A-E7-98-76-73-4F-5E-6B-3C-48-E2-5C-0A-3E-44-CF-07-E6">
      <ModulePath>c:\Program Files\dotnet\shared\Microsoft.NETCore.App\2.2.1\Microsoft.Win32.Registry.dll</ModulePath>
      <ModuleTime>2018-12-07T06:49:52Z</ModuleTime>
      <ModuleName>Microsoft.Win32.Registry</ModuleName>
      <Classes />
    </Module>
    <Module skippedDueTo="Filter" hash="6D-41-8E-6C-7F-48-A8-99-38-66-80-E7-BD-08-7F-6A-2F-C0-58-6A">
      <ModulePath>c:\Program Files\dotnet\shared\Microsoft.NETCore.App\2.2.1\System.Resources.ResourceManager.dll</ModulePath>
      <ModuleTime>2018-12-07T06:49:54Z</ModuleTime>
      <ModuleName>System.Resources.ResourceManager</ModuleName>
      <Classes />
    </Module>
    <Module skippedDueTo="Filter" hash="0A-3F-BC-B3-9E-23-44-A0-00-C7-FF-A4-10-96-28-11-4B-8D-87-5D">
      <ModulePath>c:\Program Files\dotnet\shared\Microsoft.NETCore.App\2.2.1\System.ObjectModel.dll</ModulePath>
      <ModuleTime>2018-12-07T06:49:52Z</ModuleTime>
      <ModuleName>System.ObjectModel</ModuleName>
      <Classes />
    </Module>
    <Module skippedDueTo="Filter" hash="9E-CF-AC-80-17-0F-E6-4F-65-7B-73-FC-7F-38-3B-CB-CD-01-14-4D">
      <ModulePath>c:\Program Files\dotnet\shared\Microsoft.NETCore.App\2.2.1\System.Threading.Thread.dll</ModulePath>
      <ModuleTime>2018-12-07T06:49:54Z</ModuleTime>
      <ModuleName>System.Threading.Thread</ModuleName>
      <Classes />
    </Module>
    <Module skippedDueTo="Filter" hash="42-21-E3-74-56-3F-19-42-FD-AD-91-0B-4C-6A-3A-D1-DE-76-F8-19">
      <ModulePath>c:\Program Files\dotnet\shared\Microsoft.NETCore.App\2.2.1\System.Reflection.Emit.ILGeneration.dll</ModulePath>
      <ModuleTime>2018-12-07T06:49:54Z</ModuleTime>
      <ModuleName>System.Reflection.Emit.ILGeneration</ModuleName>
      <Classes />
    </Module>
    <Module skippedDueTo="Filter" hash="1A-04-E0-EB-75-27-FA-89-84-F0-B5-36-C1-B0-7B-C9-7A-C8-BA-81">
      <ModulePath>c:\Program Files\dotnet\shared\Microsoft.NETCore.App\2.2.1\System.Reflection.Emit.Lightweight.dll</ModulePath>
      <ModuleTime>2018-12-07T06:49:54Z</ModuleTime>
      <ModuleName>System.Reflection.Emit.Lightweight</ModuleName>
      <Classes />
    </Module>
    <Module skippedDueTo="Filter" hash="BA-1E-C6-06-78-44-E6-B5-67-D9-53-DA-A0-A5-C1-2B-DB-79-29-3A">
      <ModulePath>c:\Program Files\dotnet\shared\Microsoft.NETCore.App\2.2.1\System.Reflection.Primitives.dll</ModulePath>
      <ModuleTime>2018-12-07T06:49:54Z</ModuleTime>
      <ModuleName>System.Reflection.Primitives</ModuleName>
      <Classes />
    </Module>
    <Module skippedDueTo="Filter" hash="D5-DE-B4-88-5C-A4-C9-DC-CD-DA-86-AA-2A-52-D3-90-EF-1A-78-6B">
      <ModulePath>c:\Program Files\dotnet\shared\Microsoft.NETCore.App\2.2.1\System.Diagnostics.TraceSource.dll</ModulePath>
      <ModuleTime>2018-12-07T06:49:52Z</ModuleTime>
      <ModuleName>System.Diagnostics.TraceSource</ModuleName>
      <Classes />
    </Module>
    <Module skippedDueTo="Filter" hash="3A-C9-E2-51-5D-42-E6-A5-E6-06-3F-62-A6-84-1D-9C-B5-D4-35-BE">
      <ModulePath>c:\Program Files\dotnet\shared\Microsoft.NETCore.App\2.2.1\System.Collections.Immutable.dll</ModulePath>
      <ModuleTime>2018-12-07T06:49:52Z</ModuleTime>
      <ModuleName>System.Collections.Immutable</ModuleName>
      <Classes />
    </Module>
    <Module skippedDueTo="Filter" hash="55-C3-48-CA-8A-33-E0-E2-CB-6D-C3-85-53-C0-4F-7A-A5-F0-4E-81">
      <ModulePath>c:\Program Files\dotnet\shared\Microsoft.NETCore.App\2.2.1\System.Threading.Tasks.Parallel.dll</ModulePath>
      <ModuleTime>2018-12-07T06:49:54Z</ModuleTime>
      <ModuleName>System.Threading.Tasks.Parallel</ModuleName>
      <Classes />
    </Module>
    <Module skippedDueTo="Filter" hash="98-32-85-44-EC-B2-CE-8E-0E-37-FE-7C-36-55-3C-1A-51-1B-A2-B8">
      <ModulePath>c:\Program Files\dotnet\sdk\2.2.103\Microsoft.Build.Tasks.Core.dll</ModulePath>
      <ModuleTime>2019-01-11T11:32:04Z</ModuleTime>
      <ModuleName>Microsoft.Build.Tasks.Core</ModuleName>
      <Classes />
    </Module>
    <Module skippedDueTo="Filter" hash="44-20-CE-01-65-3A-47-06-61-10-5C-17-07-34-88-3C-E5-E3-31-7F">
      <ModulePath>c:\Program Files\dotnet\sdk\2.2.103\Microsoft.Build.Utilities.Core.dll</ModulePath>
      <ModuleTime>2019-01-11T11:32:08Z</ModuleTime>
      <ModuleName>Microsoft.Build.Utilities.Core</ModuleName>
      <Classes />
    </Module>
    <Module skippedDueTo="Filter" hash="D0-E3-EB-62-89-BF-DD-84-5E-03-19-61-22-D3-5E-C3-5F-81-55-CD">
      <ModulePath>c:\Program Files\dotnet\shared\Microsoft.NETCore.App\2.2.1\System.Threading.ThreadPool.dll</ModulePath>
      <ModuleTime>2018-12-07T06:49:54Z</ModuleTime>
      <ModuleName>System.Threading.ThreadPool</ModuleName>
      <Classes />
    </Module>
    <Module skippedDueTo="Filter" hash="65-AD-94-65-48-49-D3-EB-B1-B2-7D-69-B5-A6-D5-47-C8-02-A0-F7">
      <ModulePath>c:\Program Files\dotnet\shared\Microsoft.NETCore.App\2.2.1\Microsoft.Win32.Primitives.dll</ModulePath>
      <ModuleTime>2018-12-07T06:49:52Z</ModuleTime>
      <ModuleName>Microsoft.Win32.Primitives</ModuleName>
      <Classes />
    </Module>
    <Module skippedDueTo="Filter" hash="AF-1D-D9-AA-09-1A-F4-F3-4D-F5-12-A6-8B-CB-A1-EC-E6-CF-4D-0C">
      <ModulePath>c:\Program Files\dotnet\shared\Microsoft.NETCore.App\2.2.1\System.Collections.NonGeneric.dll</ModulePath>
      <ModuleTime>2018-12-07T06:49:52Z</ModuleTime>
      <ModuleName>System.Collections.NonGeneric</ModuleName>
      <Classes />
    </Module>
    <Module skippedDueTo="Filter" hash="B7-57-2E-C3-36-B4-BD-20-F1-A0-8B-55-C6-0E-16-44-0C-6E-AD-AE">
      <ModulePath>c:\Program Files\dotnet\shared\Microsoft.NETCore.App\2.2.1\System.Runtime.Serialization.Xml.dll</ModulePath>
      <ModuleTime>2018-12-07T06:49:54Z</ModuleTime>
      <ModuleName>System.Runtime.Serialization.Xml</ModuleName>
      <Classes />
    </Module>
    <Module skippedDueTo="Filter" hash="B4-3C-1C-9E-16-FA-FA-27-27-C6-53-A1-BB-E5-0D-FF-1E-17-65-8A">
      <ModulePath>c:\Program Files\dotnet\shared\Microsoft.NETCore.App\2.2.1\System.Private.DataContractSerialization.dll</ModulePath>
      <ModuleTime>2018-12-07T06:49:52Z</ModuleTime>
      <ModuleName>System.Private.DataContractSerialization</ModuleName>
      <Classes />
    </Module>
    <Module skippedDueTo="Filter" hash="98-12-49-33-F6-B4-BB-C8-ED-33-58-7A-F1-D2-7A-50-3D-F3-4E-A5">
      <ModulePath>c:\Program Files\dotnet\shared\Microsoft.NETCore.App\2.2.1\System.IO.Pipes.dll</ModulePath>
      <ModuleTime>2018-12-07T06:49:52Z</ModuleTime>
      <ModuleName>System.IO.Pipes</ModuleName>
      <Classes />
    </Module>
    <Module skippedDueTo="Filter" hash="E4-39-FF-1B-EA-9C-FD-49-A2-82-E0-F8-41-FB-06-9B-B5-4D-56-6A">
      <ModulePath>c:\Program Files\dotnet\shared\Microsoft.NETCore.App\2.2.1\System.Security.Principal.dll</ModulePath>
      <ModuleTime>2018-12-07T06:49:54Z</ModuleTime>
      <ModuleName>System.Security.Principal</ModuleName>
      <Classes />
    </Module>
    <Module skippedDueTo="Filter" hash="64-5D-09-C9-34-06-8C-B0-C7-30-45-4F-F3-7D-7A-26-DF-FC-C5-BB">
      <ModulePath>c:\Program Files\dotnet\shared\Microsoft.NETCore.App\2.2.1\System.Runtime.Serialization.Primitives.dll</ModulePath>
      <ModuleTime>2018-12-07T06:49:54Z</ModuleTime>
      <ModuleName>System.Runtime.Serialization.Primitives</ModuleName>
      <Classes />
    </Module>
    <Module skippedDueTo="Filter" hash="BB-97-F1-71-C0-E5-2A-A9-6B-4D-22-B1-71-D7-84-8B-BF-51-8B-B0">
      <ModulePath>c:\Program Files\dotnet\shared\Microsoft.NETCore.App\2.2.1\System.Runtime.Serialization.Formatters.dll</ModulePath>
      <ModuleTime>2018-12-07T06:49:54Z</ModuleTime>
      <ModuleName>System.Runtime.Serialization.Formatters</ModuleName>
      <Classes />
    </Module>
    <Module skippedDueTo="Filter" hash="83-A2-3E-6A-CB-5B-61-67-4B-A5-EC-54-A6-09-61-49-60-7B-6F-38">
      <ModulePath>c:\Program Files\dotnet\shared\Microsoft.NETCore.App\2.2.1\System.Runtime.Loader.dll</ModulePath>
      <ModuleTime>2018-12-07T06:49:54Z</ModuleTime>
      <ModuleName>System.Runtime.Loader</ModuleName>
      <Classes />
    </Module>
    <Module skippedDueTo="Filter" hash="DE-95-63-14-A0-B5-F9-25-0F-F1-D5-43-3D-0B-D9-3B-76-90-A1-2A">
      <ModulePath>c:\Program Files\dotnet\sdk\2.2.103\Microsoft.Build.NuGetSdkResolver.dll</ModulePath>
      <ModuleTime>2019-01-11T11:32:04Z</ModuleTime>
      <ModuleName>Microsoft.Build.NuGetSdkResolver</ModuleName>
      <Classes />
    </Module>
    <Module skippedDueTo="Filter" hash="2F-91-88-C0-B3-1B-00-06-83-88-FF-C4-88-54-1D-5F-CC-75-71-E6">
      <ModulePath>c:\Program Files\dotnet\shared\Microsoft.NETCore.App\2.2.1\System.Diagnostics.FileVersionInfo.dll</ModulePath>
      <ModuleTime>2018-12-07T06:49:52Z</ModuleTime>
      <ModuleName>System.Diagnostics.FileVersionInfo</ModuleName>
      <Classes />
    </Module>
    <Module skippedDueTo="Filter" hash="59-7A-D0-2F-BE-59-8A-2F-28-D4-62-4A-F9-BE-6C-BB-EA-5D-E2-1E">
      <ModulePath>c:\Program Files\dotnet\shared\Microsoft.NETCore.App\2.2.1\System.ComponentModel.dll</ModulePath>
      <ModuleTime>2018-12-07T06:49:52Z</ModuleTime>
      <ModuleName>System.ComponentModel</ModuleName>
      <Classes />
    </Module>
    <Module skippedDueTo="Filter" hash="23-B3-BF-51-89-08-20-A7-AB-02-17-B6-86-AC-40-49-D8-0F-DE-D5">
      <ModulePath>c:\Program Files\dotnet\sdk\2.2.103\Microsoft.TestPlatform.Build.dll</ModulePath>
      <ModuleTime>2019-01-11T11:32:04Z</ModuleTime>
      <ModuleName>Microsoft.TestPlatform.Build</ModuleName>
      <Classes />
    </Module>
    <Module skippedDueTo="Filter" hash="0A-60-0F-1A-B2-BF-7E-E6-5A-66-3B-A1-6B-4F-EE-1D-6A-30-91-8B">
      <ModulePath>c:\Program Files\dotnet\shared\Microsoft.NETCore.App\2.2.1\System.Private.CoreLib.dll</ModulePath>
      <ModuleTime>2018-12-07T06:49:54Z</ModuleTime>
      <ModuleName>System.Private.CoreLib</ModuleName>
      <Classes />
    </Module>
    <Module skippedDueTo="Filter" hash="AB-C5-F9-89-E6-32-62-73-48-91-1C-5A-A3-D8-E5-51-78-A2-6B-AD">
      <ModulePath>c:\Program Files\dotnet\sdk\2.2.103\MSBuild.dll</ModulePath>
      <ModuleTime>2019-01-11T11:35:52Z</ModuleTime>
      <ModuleName>MSBuild</ModuleName>
      <Classes />
    </Module>
    <Module skippedDueTo="Filter" hash="65-AC-04-69-F4-DE-56-A1-6C-9A-4E-D5-FD-1B-CA-22-EA-08-DD-D2">
      <ModulePath>c:\Program Files\dotnet\shared\Microsoft.NETCore.App\2.2.1\System.Runtime.dll</ModulePath>
      <ModuleTime>2018-12-07T06:49:54Z</ModuleTime>
      <ModuleName>System.Runtime</ModuleName>
      <Classes />
    </Module>
    <Module skippedDueTo="Filter" hash="13-99-77-53-EA-03-4B-C2-B3-31-A3-8D-F5-07-A6-65-CE-BA-BC-7D">
      <ModulePath>c:\Program Files\dotnet\shared\Microsoft.NETCore.App\2.2.1\System.Runtime.Extensions.dll</ModulePath>
      <ModuleTime>2018-12-07T06:49:54Z</ModuleTime>
      <ModuleName>System.Runtime.Extensions</ModuleName>
      <Classes />
    </Module>
    <Module skippedDueTo="Filter" hash="BF-15-8A-55-E6-B0-F2-A5-9B-39-43-9D-9A-BE-42-7C-D1-A4-3A-4E">
      <ModulePath>c:\Program Files\dotnet\shared\Microsoft.NETCore.App\2.2.1\System.Threading.dll</ModulePath>
      <ModuleTime>2018-12-07T06:49:54Z</ModuleTime>
      <ModuleName>System.Threading</ModuleName>
      <Classes />
    </Module>
    <Module skippedDueTo="Filter" hash="7C-B8-67-05-60-55-60-51-D3-15-F2-AE-62-0A-46-C8-A2-57-03-D3">
      <ModulePath>c:\Program Files\dotnet\shared\Microsoft.NETCore.App\2.2.1\System.Runtime.InteropServices.RuntimeInformation.dll</ModulePath>
      <ModuleTime>2018-12-07T06:49:54Z</ModuleTime>
      <ModuleName>System.Runtime.InteropServices.RuntimeInformation</ModuleName>
      <Classes />
    </Module>
    <Module skippedDueTo="Filter" hash="66-8A-49-48-58-41-51-CC-9D-F2-90-0F-7B-53-2E-41-6C-D6-F5-1E">
      <ModulePath>c:\Program Files\dotnet\shared\Microsoft.NETCore.App\2.2.1\System.Linq.dll</ModulePath>
      <ModuleTime>2018-12-07T06:49:52Z</ModuleTime>
      <ModuleName>System.Linq</ModuleName>
      <Classes />
    </Module>
    <Module skippedDueTo="Filter" hash="DE-7D-B8-6A-53-47-6B-C3-26-4A-2A-60-CC-B0-D3-D1-0F-D0-60-6B">
      <ModulePath>c:\Program Files\dotnet\shared\Microsoft.NETCore.App\2.2.1\System.Text.RegularExpressions.dll</ModulePath>
      <ModuleTime>2018-12-07T06:49:54Z</ModuleTime>
      <ModuleName>System.Text.RegularExpressions</ModuleName>
      <Classes />
    </Module>
    <Module skippedDueTo="Filter" hash="28-B8-86-93-73-A3-C1-FD-7B-88-20-2E-8E-15-7A-27-84-AE-35-CE">
      <ModulePath>c:\Program Files\dotnet\shared\Microsoft.NETCore.App\2.2.1\System.Collections.dll</ModulePath>
      <ModuleTime>2018-12-07T06:49:52Z</ModuleTime>
      <ModuleName>System.Collections</ModuleName>
      <Classes />
    </Module>
    <Module skippedDueTo="Filter" hash="BA-5F-84-78-7B-58-24-9F-05-56-4F-AB-AC-F4-BA-15-5C-9C-8B-CF">
      <ModulePath>c:\Program Files\dotnet\shared\Microsoft.NETCore.App\2.2.1\System.Buffers.dll</ModulePath>
      <ModuleTime>2018-12-07T06:49:52Z</ModuleTime>
      <ModuleName>System.Buffers</ModuleName>
      <Classes />
    </Module>
    <Module skippedDueTo="Filter" hash="AE-4C-24-02-49-C5-9B-49-F4-59-EC-9F-71-9F-9E-2E-17-7B-FA-98">
      <ModulePath>c:\Program Files\dotnet\shared\Microsoft.NETCore.App\2.2.1\System.IO.FileSystem.dll</ModulePath>
      <ModuleTime>2018-12-07T06:49:52Z</ModuleTime>
      <ModuleName>System.IO.FileSystem</ModuleName>
      <Classes />
    </Module>
    <Module skippedDueTo="Filter" hash="F3-DA-DD-7B-50-40-E0-80-6C-20-50-A9-46-36-34-99-1F-8E-18-95">
      <ModulePath>c:\Program Files\dotnet\shared\Microsoft.NETCore.App\2.2.1\System.Memory.dll</ModulePath>
      <ModuleTime>2018-12-07T06:49:52Z</ModuleTime>
      <ModuleName>System.Memory</ModuleName>
      <Classes />
    </Module>
    <Module skippedDueTo="Filter" hash="D6-A0-8F-50-E7-2C-69-C6-C2-52-8B-7D-D8-D1-9C-E3-59-F4-E1-DB">
      <ModulePath>c:\Program Files\dotnet\shared\Microsoft.NETCore.App\2.2.1\System.Runtime.InteropServices.dll</ModulePath>
      <ModuleTime>2018-12-07T06:49:54Z</ModuleTime>
      <ModuleName>System.Runtime.InteropServices</ModuleName>
      <Classes />
    </Module>
    <Module skippedDueTo="Filter" hash="83-64-44-A6-64-EB-27-D0-AD-81-8E-E2-3A-CA-AA-59-03-B2-5A-8F">
      <ModulePath>c:\Program Files\dotnet\shared\Microsoft.NETCore.App\2.2.1\System.Console.dll</ModulePath>
      <ModuleTime>2018-12-07T06:49:52Z</ModuleTime>
      <ModuleName>System.Console</ModuleName>
      <Classes />
    </Module>
    <Module skippedDueTo="Filter" hash="6C-B6-95-9D-23-E2-61-08-96-4F-D7-8B-8D-F1-80-F1-A4-2F-6A-91">
      <ModulePath>c:\Program Files\dotnet\shared\Microsoft.NETCore.App\2.2.1\System.Diagnostics.Process.dll</ModulePath>
      <ModuleTime>2018-12-07T06:49:52Z</ModuleTime>
      <ModuleName>System.Diagnostics.Process</ModuleName>
      <Classes />
    </Module>
    <Module skippedDueTo="Filter" hash="B9-C4-E2-59-3B-F2-34-52-8E-76-A4-56-36-EE-F9-0B-F2-0B-15-3D">
      <ModulePath>c:\Program Files\dotnet\shared\Microsoft.NETCore.App\2.2.1\System.ComponentModel.Primitives.dll</ModulePath>
      <ModuleTime>2018-12-07T06:49:52Z</ModuleTime>
      <ModuleName>System.ComponentModel.Primitives</ModuleName>
      <Classes />
    </Module>
    <Module skippedDueTo="Filter" hash="A0-38-3B-07-04-B9-EA-E0-CA-E7-5E-97-5F-EF-DD-7F-0E-C8-BF-69">
      <ModulePath>c:\Program Files\dotnet\sdk\2.2.103\Microsoft.Build.Framework.dll</ModulePath>
      <ModuleTime>2019-01-11T11:32:04Z</ModuleTime>
      <ModuleName>Microsoft.Build.Framework</ModuleName>
      <Classes />
    </Module>
    <Module skippedDueTo="Filter" hash="00-E6-B6-43-DD-34-02-12-2C-95-C1-E7-75-49-CD-BE-29-38-49-1E">
      <ModulePath>c:\Program Files\dotnet\shared\Microsoft.NETCore.App\2.2.1\netstandard.dll</ModulePath>
      <ModuleTime>2018-12-07T06:49:54Z</ModuleTime>
      <ModuleName>netstandard</ModuleName>
      <Classes />
    </Module>
    <Module skippedDueTo="Filter" hash="63-BB-E6-8C-DA-B8-39-AA-CA-7C-CA-26-ED-ED-C3-30-0A-E2-01-91">
      <ModulePath>c:\Program Files\dotnet\sdk\2.2.103\Microsoft.Build.dll</ModulePath>
      <ModuleTime>2019-01-11T11:32:12Z</ModuleTime>
      <ModuleName>Microsoft.Build</ModuleName>
      <Classes />
    </Module>
    <Module skippedDueTo="Filter" hash="68-BA-7D-74-81-92-A6-86-E1-18-6A-D3-C2-59-D0-7A-0E-44-79-70">
      <ModulePath>c:\Program Files\dotnet\sdk\2.2.103\runtimes\win\lib\netcoreapp2.0\System.Text.Encoding.CodePages.dll</ModulePath>
      <ModuleTime>2019-01-11T11:31:04Z</ModuleTime>
      <ModuleName>System.Text.Encoding.CodePages</ModuleName>
      <Classes />
    </Module>
    <Module skippedDueTo="Filter" hash="C1-B9-DD-E1-4D-A5-D3-42-A3-CE-4C-61-BA-98-05-EA-A5-77-48-B7">
      <ModulePath>c:\Program Files\dotnet\shared\Microsoft.NETCore.App\2.2.1\System.Collections.Concurrent.dll</ModulePath>
      <ModuleTime>2018-12-07T06:49:52Z</ModuleTime>
      <ModuleName>System.Collections.Concurrent</ModuleName>
      <Classes />
    </Module>
    <Module skippedDueTo="Filter" hash="98-12-49-33-F6-B4-BB-C8-ED-33-58-7A-F1-D2-7A-50-3D-F3-4E-A5">
      <ModulePath>c:\Program Files\dotnet\shared\Microsoft.NETCore.App\2.2.1\System.IO.Pipes.dll</ModulePath>
      <ModuleTime>2018-12-07T06:49:52Z</ModuleTime>
      <ModuleName>System.IO.Pipes</ModuleName>
      <Classes />
    </Module>
    <Module skippedDueTo="Filter" hash="60-9C-E5-29-EA-B4-83-AF-38-56-0B-F3-63-0C-0B-94-4D-15-85-FD">
      <ModulePath>c:\Program Files\dotnet\shared\Microsoft.NETCore.App\2.2.1\System.Text.Encoding.Extensions.dll</ModulePath>
      <ModuleTime>2018-12-07T06:49:54Z</ModuleTime>
      <ModuleName>System.Text.Encoding.Extensions</ModuleName>
      <Classes />
    </Module>
    <Module skippedDueTo="Filter" hash="0F-5B-E3-E8-44-81-5A-57-D7-90-8B-02-B1-0C-52-A9-DC-2E-44-30">
      <ModulePath>c:\Program Files\dotnet\shared\Microsoft.NETCore.App\2.2.1\System.Security.AccessControl.dll</ModulePath>
      <ModuleTime>2018-12-07T06:49:54Z</ModuleTime>
      <ModuleName>System.Security.AccessControl</ModuleName>
      <Classes />
    </Module>
    <Module skippedDueTo="Filter" hash="0F-DE-74-D5-C9-70-94-BC-64-99-4A-DB-A0-E2-40-03-3F-87-FB-FA">
      <ModulePath>c:\Program Files\dotnet\shared\Microsoft.NETCore.App\2.2.1\System.Security.Principal.Windows.dll</ModulePath>
      <ModuleTime>2018-12-07T06:49:54Z</ModuleTime>
      <ModuleName>System.Security.Principal.Windows</ModuleName>
      <Classes />
    </Module>
    <Module skippedDueTo="Filter" hash="65-59-B2-FA-CB-BF-8A-FE-EB-FA-C5-1B-73-76-88-68-19-B1-7C-67">
      <ModulePath>c:\Program Files\dotnet\shared\Microsoft.NETCore.App\2.2.1\System.Security.Claims.dll</ModulePath>
      <ModuleTime>2018-12-07T06:49:54Z</ModuleTime>
      <ModuleName>System.Security.Claims</ModuleName>
      <Classes />
    </Module>
    <Module skippedDueTo="Filter" hash="E4-39-FF-1B-EA-9C-FD-49-A2-82-E0-F8-41-FB-06-9B-B5-4D-56-6A">
      <ModulePath>c:\Program Files\dotnet\shared\Microsoft.NETCore.App\2.2.1\System.Security.Principal.dll</ModulePath>
      <ModuleTime>2018-12-07T06:49:54Z</ModuleTime>
      <ModuleName>System.Security.Principal</ModuleName>
      <Classes />
    </Module>
    <Module skippedDueTo="Filter" hash="55-AE-99-16-3C-79-CB-B9-C7-F9-33-C5-7C-BF-BC-8E-4B-D4-F9-B3">
      <ModulePath>c:\Program Files\dotnet\shared\Microsoft.NETCore.App\2.2.1\System.Threading.Overlapped.dll</ModulePath>
      <ModuleTime>2018-12-07T06:49:54Z</ModuleTime>
      <ModuleName>System.Threading.Overlapped</ModuleName>
      <Classes />
    </Module>
    <Module skippedDueTo="Filter" hash="55-AE-99-16-3C-79-CB-B9-C7-F9-33-C5-7C-BF-BC-8E-4B-D4-F9-B3">
      <ModulePath>c:\Program Files\dotnet\shared\Microsoft.NETCore.App\2.2.1\System.Threading.Overlapped.dll</ModulePath>
      <ModuleTime>2018-12-07T06:49:54Z</ModuleTime>
      <ModuleName>System.Threading.Overlapped</ModuleName>
      <Classes />
    </Module>
    <Module skippedDueTo="Filter" hash="9E-CF-AC-80-17-0F-E6-4F-65-7B-73-FC-7F-38-3B-CB-CD-01-14-4D">
      <ModulePath>c:\Program Files\dotnet\shared\Microsoft.NETCore.App\2.2.1\System.Threading.Thread.dll</ModulePath>
      <ModuleTime>2018-12-07T06:49:54Z</ModuleTime>
      <ModuleName>System.Threading.Thread</ModuleName>
      <Classes />
    </Module>
    <Module skippedDueTo="Filter" hash="0F-5B-E3-E8-44-81-5A-57-D7-90-8B-02-B1-0C-52-A9-DC-2E-44-30">
      <ModulePath>c:\Program Files\dotnet\shared\Microsoft.NETCore.App\2.2.1\System.Security.AccessControl.dll</ModulePath>
      <ModuleTime>2018-12-07T06:49:54Z</ModuleTime>
      <ModuleName>System.Security.AccessControl</ModuleName>
      <Classes />
    </Module>
    <Module skippedDueTo="Filter" hash="0F-DE-74-D5-C9-70-94-BC-64-99-4A-DB-A0-E2-40-03-3F-87-FB-FA">
      <ModulePath>c:\Program Files\dotnet\shared\Microsoft.NETCore.App\2.2.1\System.Security.Principal.Windows.dll</ModulePath>
      <ModuleTime>2018-12-07T06:49:54Z</ModuleTime>
      <ModuleName>System.Security.Principal.Windows</ModuleName>
      <Classes />
    </Module>
    <Module skippedDueTo="Filter" hash="65-59-B2-FA-CB-BF-8A-FE-EB-FA-C5-1B-73-76-88-68-19-B1-7C-67">
      <ModulePath>c:\Program Files\dotnet\shared\Microsoft.NETCore.App\2.2.1\System.Security.Claims.dll</ModulePath>
      <ModuleTime>2018-12-07T06:49:54Z</ModuleTime>
      <ModuleName>System.Security.Claims</ModuleName>
      <Classes />
    </Module>
    <Module skippedDueTo="Filter" hash="A6-A8-FD-11-C0-DC-D6-9C-52-E2-87-88-71-36-E7-E9-E7-E3-CF-39">
      <ModulePath>c:\Program Files\dotnet\shared\Microsoft.NETCore.App\2.2.1\System.Threading.Tasks.dll</ModulePath>
      <ModuleTime>2018-12-07T06:49:54Z</ModuleTime>
      <ModuleName>System.Threading.Tasks</ModuleName>
      <Classes />
    </Module>
    <Module skippedDueTo="Filter" hash="0A-3F-BC-B3-9E-23-44-A0-00-C7-FF-A4-10-96-28-11-4B-8D-87-5D">
      <ModulePath>c:\Program Files\dotnet\shared\Microsoft.NETCore.App\2.2.1\System.ObjectModel.dll</ModulePath>
      <ModuleTime>2018-12-07T06:49:52Z</ModuleTime>
      <ModuleName>System.ObjectModel</ModuleName>
      <Classes />
    </Module>
    <Module skippedDueTo="Filter" hash="06-4F-B4-33-AD-AF-E7-8A-CE-26-88-8E-57-86-C8-E7-08-6D-E4-3B">
      <ModulePath>c:\Program Files\dotnet\shared\Microsoft.NETCore.App\2.2.1\System.Threading.Tasks.Dataflow.dll</ModulePath>
      <ModuleTime>2018-12-07T06:49:54Z</ModuleTime>
      <ModuleName>System.Threading.Tasks.Dataflow</ModuleName>
      <Classes />
    </Module>
    <Module skippedDueTo="Filter" hash="66-8C-59-CB-18-C0-50-B0-F2-C2-BB-77-9D-7F-43-6A-A5-04-4B-48">
      <ModulePath>c:\Program Files\dotnet\shared\Microsoft.NETCore.App\2.2.1\System.Diagnostics.Tracing.dll</ModulePath>
      <ModuleTime>2018-12-07T06:49:52Z</ModuleTime>
      <ModuleName>System.Diagnostics.Tracing</ModuleName>
      <Classes />
    </Module>
    <Module skippedDueTo="Filter" hash="14-76-1A-EE-F5-5D-00-48-40-11-C1-AD-F9-5B-8A-CE-4E-48-8C-C6">
      <ModulePath>c:\Program Files\dotnet\sdk\2.2.103\dotnet.dll</ModulePath>
      <ModuleTime>2019-01-11T11:31:06Z</ModuleTime>
      <ModuleName>dotnet</ModuleName>
      <Classes />
    </Module>
    <Module skippedDueTo="Filter" hash="19-4E-CC-EA-8E-BF-CB-66-B3-33-B1-60-5B-E3-24-26-F5-04-53-CA">
      <ModulePath>c:\Program Files\dotnet\sdk\2.2.103\Microsoft.DotNet.Tools.MigrateCommand.dll</ModulePath>
      <ModuleTime>2019-01-11T11:32:06Z</ModuleTime>
      <ModuleName>Microsoft.DotNet.Tools.MigrateCommand</ModuleName>
      <Classes />
    </Module>
    <Module skippedDueTo="Filter" hash="6E-F5-93-4A-73-77-60-55-B0-26-AF-54-C6-12-B8-60-A1-B9-5A-8A">
      <ModulePath>c:\Program Files\dotnet\sdk\2.2.103\Microsoft.DotNet.Configurer.dll</ModulePath>
      <ModuleTime>2019-01-11T11:32:10Z</ModuleTime>
      <ModuleName>Microsoft.DotNet.Configurer</ModuleName>
      <Classes />
    </Module>
    <Module skippedDueTo="Filter" hash="5C-BD-81-5B-9E-96-E6-EE-60-3C-90-73-14-3E-21-46-25-B7-95-15">
      <ModulePath>c:\Program Files\dotnet\sdk\2.2.103\Microsoft.DotNet.Cli.Utils.dll</ModulePath>
      <ModuleTime>2019-01-11T11:32:06Z</ModuleTime>
      <ModuleName>Microsoft.DotNet.Cli.Utils</ModuleName>
      <Classes />
    </Module>
    <Module skippedDueTo="Filter" hash="AA-71-2A-5A-60-62-09-06-AB-B9-9E-30-B9-44-30-86-41-55-D1-20">
      <ModulePath>c:\Program Files\dotnet\sdk\2.2.103\NuGet.Frameworks.dll</ModulePath>
      <ModuleTime>2019-01-11T11:35:32Z</ModuleTime>
      <ModuleName>NuGet.Frameworks</ModuleName>
      <Classes />
    </Module>
    <Module skippedDueTo="Filter" hash="6D-41-8E-6C-7F-48-A8-99-38-66-80-E7-BD-08-7F-6A-2F-C0-58-6A">
      <ModulePath>c:\Program Files\dotnet\shared\Microsoft.NETCore.App\2.2.1\System.Resources.ResourceManager.dll</ModulePath>
      <ModuleTime>2018-12-07T06:49:54Z</ModuleTime>
      <ModuleName>System.Resources.ResourceManager</ModuleName>
      <Classes />
    </Module>
    <Module skippedDueTo="Filter" hash="0A-60-0F-1A-B2-BF-7E-E6-5A-66-3B-A1-6B-4F-EE-1D-6A-30-91-8B">
      <ModulePath>c:\Program Files\dotnet\shared\Microsoft.NETCore.App\2.2.1\System.Private.CoreLib.dll</ModulePath>
      <ModuleTime>2018-12-07T06:49:54Z</ModuleTime>
      <ModuleName>System.Private.CoreLib</ModuleName>
      <Classes />
    </Module>
    <Module skippedDueTo="Filter" hash="AB-C5-F9-89-E6-32-62-73-48-91-1C-5A-A3-D8-E5-51-78-A2-6B-AD">
      <ModulePath>c:\Program Files\dotnet\sdk\2.2.103\MSBuild.dll</ModulePath>
      <ModuleTime>2019-01-11T11:35:52Z</ModuleTime>
      <ModuleName>MSBuild</ModuleName>
      <Classes />
    </Module>
    <Module skippedDueTo="Filter" hash="65-AC-04-69-F4-DE-56-A1-6C-9A-4E-D5-FD-1B-CA-22-EA-08-DD-D2">
      <ModulePath>c:\Program Files\dotnet\shared\Microsoft.NETCore.App\2.2.1\System.Runtime.dll</ModulePath>
      <ModuleTime>2018-12-07T06:49:54Z</ModuleTime>
      <ModuleName>System.Runtime</ModuleName>
      <Classes />
    </Module>
    <Module skippedDueTo="Filter" hash="13-99-77-53-EA-03-4B-C2-B3-31-A3-8D-F5-07-A6-65-CE-BA-BC-7D">
      <ModulePath>c:\Program Files\dotnet\shared\Microsoft.NETCore.App\2.2.1\System.Runtime.Extensions.dll</ModulePath>
      <ModuleTime>2018-12-07T06:49:54Z</ModuleTime>
      <ModuleName>System.Runtime.Extensions</ModuleName>
      <Classes />
    </Module>
    <Module skippedDueTo="Filter" hash="BF-15-8A-55-E6-B0-F2-A5-9B-39-43-9D-9A-BE-42-7C-D1-A4-3A-4E">
      <ModulePath>c:\Program Files\dotnet\shared\Microsoft.NETCore.App\2.2.1\System.Threading.dll</ModulePath>
      <ModuleTime>2018-12-07T06:49:54Z</ModuleTime>
      <ModuleName>System.Threading</ModuleName>
      <Classes />
    </Module>
    <Module skippedDueTo="Filter" hash="7C-B8-67-05-60-55-60-51-D3-15-F2-AE-62-0A-46-C8-A2-57-03-D3">
      <ModulePath>c:\Program Files\dotnet\shared\Microsoft.NETCore.App\2.2.1\System.Runtime.InteropServices.RuntimeInformation.dll</ModulePath>
      <ModuleTime>2018-12-07T06:49:54Z</ModuleTime>
      <ModuleName>System.Runtime.InteropServices.RuntimeInformation</ModuleName>
      <Classes />
    </Module>
    <Module skippedDueTo="Filter" hash="66-8A-49-48-58-41-51-CC-9D-F2-90-0F-7B-53-2E-41-6C-D6-F5-1E">
      <ModulePath>c:\Program Files\dotnet\shared\Microsoft.NETCore.App\2.2.1\System.Linq.dll</ModulePath>
      <ModuleTime>2018-12-07T06:49:52Z</ModuleTime>
      <ModuleName>System.Linq</ModuleName>
      <Classes />
    </Module>
    <Module skippedDueTo="Filter" hash="DE-7D-B8-6A-53-47-6B-C3-26-4A-2A-60-CC-B0-D3-D1-0F-D0-60-6B">
      <ModulePath>c:\Program Files\dotnet\shared\Microsoft.NETCore.App\2.2.1\System.Text.RegularExpressions.dll</ModulePath>
      <ModuleTime>2018-12-07T06:49:54Z</ModuleTime>
      <ModuleName>System.Text.RegularExpressions</ModuleName>
      <Classes />
    </Module>
    <Module skippedDueTo="Filter" hash="28-B8-86-93-73-A3-C1-FD-7B-88-20-2E-8E-15-7A-27-84-AE-35-CE">
      <ModulePath>c:\Program Files\dotnet\shared\Microsoft.NETCore.App\2.2.1\System.Collections.dll</ModulePath>
      <ModuleTime>2018-12-07T06:49:52Z</ModuleTime>
      <ModuleName>System.Collections</ModuleName>
      <Classes />
    </Module>
    <Module skippedDueTo="Filter" hash="BA-5F-84-78-7B-58-24-9F-05-56-4F-AB-AC-F4-BA-15-5C-9C-8B-CF">
      <ModulePath>c:\Program Files\dotnet\shared\Microsoft.NETCore.App\2.2.1\System.Buffers.dll</ModulePath>
      <ModuleTime>2018-12-07T06:49:52Z</ModuleTime>
      <ModuleName>System.Buffers</ModuleName>
      <Classes />
    </Module>
    <Module skippedDueTo="Filter" hash="AE-4C-24-02-49-C5-9B-49-F4-59-EC-9F-71-9F-9E-2E-17-7B-FA-98">
      <ModulePath>c:\Program Files\dotnet\shared\Microsoft.NETCore.App\2.2.1\System.IO.FileSystem.dll</ModulePath>
      <ModuleTime>2018-12-07T06:49:52Z</ModuleTime>
      <ModuleName>System.IO.FileSystem</ModuleName>
      <Classes />
    </Module>
    <Module skippedDueTo="Filter" hash="F3-DA-DD-7B-50-40-E0-80-6C-20-50-A9-46-36-34-99-1F-8E-18-95">
      <ModulePath>c:\Program Files\dotnet\shared\Microsoft.NETCore.App\2.2.1\System.Memory.dll</ModulePath>
      <ModuleTime>2018-12-07T06:49:52Z</ModuleTime>
      <ModuleName>System.Memory</ModuleName>
      <Classes />
    </Module>
    <Module skippedDueTo="Filter" hash="D6-A0-8F-50-E7-2C-69-C6-C2-52-8B-7D-D8-D1-9C-E3-59-F4-E1-DB">
      <ModulePath>c:\Program Files\dotnet\shared\Microsoft.NETCore.App\2.2.1\System.Runtime.InteropServices.dll</ModulePath>
      <ModuleTime>2018-12-07T06:49:54Z</ModuleTime>
      <ModuleName>System.Runtime.InteropServices</ModuleName>
      <Classes />
    </Module>
    <Module skippedDueTo="Filter" hash="83-64-44-A6-64-EB-27-D0-AD-81-8E-E2-3A-CA-AA-59-03-B2-5A-8F">
      <ModulePath>c:\Program Files\dotnet\shared\Microsoft.NETCore.App\2.2.1\System.Console.dll</ModulePath>
      <ModuleTime>2018-12-07T06:49:52Z</ModuleTime>
      <ModuleName>System.Console</ModuleName>
      <Classes />
    </Module>
    <Module skippedDueTo="Filter" hash="6C-B6-95-9D-23-E2-61-08-96-4F-D7-8B-8D-F1-80-F1-A4-2F-6A-91">
      <ModulePath>c:\Program Files\dotnet\shared\Microsoft.NETCore.App\2.2.1\System.Diagnostics.Process.dll</ModulePath>
      <ModuleTime>2018-12-07T06:49:52Z</ModuleTime>
      <ModuleName>System.Diagnostics.Process</ModuleName>
      <Classes />
    </Module>
    <Module skippedDueTo="Filter" hash="B9-C4-E2-59-3B-F2-34-52-8E-76-A4-56-36-EE-F9-0B-F2-0B-15-3D">
      <ModulePath>c:\Program Files\dotnet\shared\Microsoft.NETCore.App\2.2.1\System.ComponentModel.Primitives.dll</ModulePath>
      <ModuleTime>2018-12-07T06:49:52Z</ModuleTime>
      <ModuleName>System.ComponentModel.Primitives</ModuleName>
      <Classes />
    </Module>
    <Module skippedDueTo="Filter" hash="A0-38-3B-07-04-B9-EA-E0-CA-E7-5E-97-5F-EF-DD-7F-0E-C8-BF-69">
      <ModulePath>c:\Program Files\dotnet\sdk\2.2.103\Microsoft.Build.Framework.dll</ModulePath>
      <ModuleTime>2019-01-11T11:32:04Z</ModuleTime>
      <ModuleName>Microsoft.Build.Framework</ModuleName>
      <Classes />
    </Module>
    <Module skippedDueTo="Filter" hash="00-E6-B6-43-DD-34-02-12-2C-95-C1-E7-75-49-CD-BE-29-38-49-1E">
      <ModulePath>c:\Program Files\dotnet\shared\Microsoft.NETCore.App\2.2.1\netstandard.dll</ModulePath>
      <ModuleTime>2018-12-07T06:49:54Z</ModuleTime>
      <ModuleName>netstandard</ModuleName>
      <Classes />
    </Module>
    <Module skippedDueTo="Filter" hash="63-BB-E6-8C-DA-B8-39-AA-CA-7C-CA-26-ED-ED-C3-30-0A-E2-01-91">
      <ModulePath>c:\Program Files\dotnet\sdk\2.2.103\Microsoft.Build.dll</ModulePath>
      <ModuleTime>2019-01-11T11:32:12Z</ModuleTime>
      <ModuleName>Microsoft.Build</ModuleName>
      <Classes />
    </Module>
    <Module skippedDueTo="Filter" hash="68-BA-7D-74-81-92-A6-86-E1-18-6A-D3-C2-59-D0-7A-0E-44-79-70">
      <ModulePath>c:\Program Files\dotnet\sdk\2.2.103\runtimes\win\lib\netcoreapp2.0\System.Text.Encoding.CodePages.dll</ModulePath>
      <ModuleTime>2019-01-11T11:31:04Z</ModuleTime>
      <ModuleName>System.Text.Encoding.CodePages</ModuleName>
      <Classes />
    </Module>
    <Module skippedDueTo="Filter" hash="C1-B9-DD-E1-4D-A5-D3-42-A3-CE-4C-61-BA-98-05-EA-A5-77-48-B7">
      <ModulePath>c:\Program Files\dotnet\shared\Microsoft.NETCore.App\2.2.1\System.Collections.Concurrent.dll</ModulePath>
      <ModuleTime>2018-12-07T06:49:52Z</ModuleTime>
      <ModuleName>System.Collections.Concurrent</ModuleName>
      <Classes />
    </Module>
    <Module skippedDueTo="Filter" hash="98-12-49-33-F6-B4-BB-C8-ED-33-58-7A-F1-D2-7A-50-3D-F3-4E-A5">
      <ModulePath>c:\Program Files\dotnet\shared\Microsoft.NETCore.App\2.2.1\System.IO.Pipes.dll</ModulePath>
      <ModuleTime>2018-12-07T06:49:52Z</ModuleTime>
      <ModuleName>System.IO.Pipes</ModuleName>
      <Classes />
    </Module>
    <Module skippedDueTo="Filter" hash="60-9C-E5-29-EA-B4-83-AF-38-56-0B-F3-63-0C-0B-94-4D-15-85-FD">
      <ModulePath>c:\Program Files\dotnet\shared\Microsoft.NETCore.App\2.2.1\System.Text.Encoding.Extensions.dll</ModulePath>
      <ModuleTime>2018-12-07T06:49:54Z</ModuleTime>
      <ModuleName>System.Text.Encoding.Extensions</ModuleName>
      <Classes />
    </Module>
    <Module skippedDueTo="Filter" hash="0F-5B-E3-E8-44-81-5A-57-D7-90-8B-02-B1-0C-52-A9-DC-2E-44-30">
      <ModulePath>c:\Program Files\dotnet\shared\Microsoft.NETCore.App\2.2.1\System.Security.AccessControl.dll</ModulePath>
      <ModuleTime>2018-12-07T06:49:54Z</ModuleTime>
      <ModuleName>System.Security.AccessControl</ModuleName>
      <Classes />
    </Module>
    <Module skippedDueTo="Filter" hash="0F-DE-74-D5-C9-70-94-BC-64-99-4A-DB-A0-E2-40-03-3F-87-FB-FA">
      <ModulePath>c:\Program Files\dotnet\shared\Microsoft.NETCore.App\2.2.1\System.Security.Principal.Windows.dll</ModulePath>
      <ModuleTime>2018-12-07T06:49:54Z</ModuleTime>
      <ModuleName>System.Security.Principal.Windows</ModuleName>
      <Classes />
    </Module>
    <Module skippedDueTo="Filter" hash="65-59-B2-FA-CB-BF-8A-FE-EB-FA-C5-1B-73-76-88-68-19-B1-7C-67">
      <ModulePath>c:\Program Files\dotnet\shared\Microsoft.NETCore.App\2.2.1\System.Security.Claims.dll</ModulePath>
      <ModuleTime>2018-12-07T06:49:54Z</ModuleTime>
      <ModuleName>System.Security.Claims</ModuleName>
      <Classes />
    </Module>
    <Module skippedDueTo="Filter" hash="E4-39-FF-1B-EA-9C-FD-49-A2-82-E0-F8-41-FB-06-9B-B5-4D-56-6A">
      <ModulePath>c:\Program Files\dotnet\shared\Microsoft.NETCore.App\2.2.1\System.Security.Principal.dll</ModulePath>
      <ModuleTime>2018-12-07T06:49:54Z</ModuleTime>
      <ModuleName>System.Security.Principal</ModuleName>
      <Classes />
    </Module>
    <Module skippedDueTo="Filter" hash="55-AE-99-16-3C-79-CB-B9-C7-F9-33-C5-7C-BF-BC-8E-4B-D4-F9-B3">
      <ModulePath>c:\Program Files\dotnet\shared\Microsoft.NETCore.App\2.2.1\System.Threading.Overlapped.dll</ModulePath>
      <ModuleTime>2018-12-07T06:49:54Z</ModuleTime>
      <ModuleName>System.Threading.Overlapped</ModuleName>
      <Classes />
    </Module>
    <Module skippedDueTo="Filter" hash="9E-CF-AC-80-17-0F-E6-4F-65-7B-73-FC-7F-38-3B-CB-CD-01-14-4D">
      <ModulePath>c:\Program Files\dotnet\shared\Microsoft.NETCore.App\2.2.1\System.Threading.Thread.dll</ModulePath>
      <ModuleTime>2018-12-07T06:49:54Z</ModuleTime>
      <ModuleName>System.Threading.Thread</ModuleName>
      <Classes />
    </Module>
    <Module skippedDueTo="Filter" hash="A6-A8-FD-11-C0-DC-D6-9C-52-E2-87-88-71-36-E7-E9-E7-E3-CF-39">
      <ModulePath>c:\Program Files\dotnet\shared\Microsoft.NETCore.App\2.2.1\System.Threading.Tasks.dll</ModulePath>
      <ModuleTime>2018-12-07T06:49:54Z</ModuleTime>
      <ModuleName>System.Threading.Tasks</ModuleName>
      <Classes />
    </Module>
    <Module skippedDueTo="Filter" hash="0A-3F-BC-B3-9E-23-44-A0-00-C7-FF-A4-10-96-28-11-4B-8D-87-5D">
      <ModulePath>c:\Program Files\dotnet\shared\Microsoft.NETCore.App\2.2.1\System.ObjectModel.dll</ModulePath>
      <ModuleTime>2018-12-07T06:49:52Z</ModuleTime>
      <ModuleName>System.ObjectModel</ModuleName>
      <Classes />
    </Module>
    <Module skippedDueTo="Filter" hash="06-4F-B4-33-AD-AF-E7-8A-CE-26-88-8E-57-86-C8-E7-08-6D-E4-3B">
      <ModulePath>c:\Program Files\dotnet\shared\Microsoft.NETCore.App\2.2.1\System.Threading.Tasks.Dataflow.dll</ModulePath>
      <ModuleTime>2018-12-07T06:49:54Z</ModuleTime>
      <ModuleName>System.Threading.Tasks.Dataflow</ModuleName>
      <Classes />
    </Module>
    <Module skippedDueTo="Filter" hash="66-8C-59-CB-18-C0-50-B0-F2-C2-BB-77-9D-7F-43-6A-A5-04-4B-48">
      <ModulePath>c:\Program Files\dotnet\shared\Microsoft.NETCore.App\2.2.1\System.Diagnostics.Tracing.dll</ModulePath>
      <ModuleTime>2018-12-07T06:49:52Z</ModuleTime>
      <ModuleName>System.Diagnostics.Tracing</ModuleName>
      <Classes />
    </Module>
    <Module skippedDueTo="Filter" hash="14-76-1A-EE-F5-5D-00-48-40-11-C1-AD-F9-5B-8A-CE-4E-48-8C-C6">
      <ModulePath>c:\Program Files\dotnet\sdk\2.2.103\dotnet.dll</ModulePath>
      <ModuleTime>2019-01-11T11:31:06Z</ModuleTime>
      <ModuleName>dotnet</ModuleName>
      <Classes />
    </Module>
    <Module skippedDueTo="Filter" hash="19-4E-CC-EA-8E-BF-CB-66-B3-33-B1-60-5B-E3-24-26-F5-04-53-CA">
      <ModulePath>c:\Program Files\dotnet\sdk\2.2.103\Microsoft.DotNet.Tools.MigrateCommand.dll</ModulePath>
      <ModuleTime>2019-01-11T11:32:06Z</ModuleTime>
      <ModuleName>Microsoft.DotNet.Tools.MigrateCommand</ModuleName>
      <Classes />
    </Module>
    <Module skippedDueTo="Filter" hash="6E-F5-93-4A-73-77-60-55-B0-26-AF-54-C6-12-B8-60-A1-B9-5A-8A">
      <ModulePath>c:\Program Files\dotnet\sdk\2.2.103\Microsoft.DotNet.Configurer.dll</ModulePath>
      <ModuleTime>2019-01-11T11:32:10Z</ModuleTime>
      <ModuleName>Microsoft.DotNet.Configurer</ModuleName>
      <Classes />
    </Module>
    <Module skippedDueTo="Filter" hash="5C-BD-81-5B-9E-96-E6-EE-60-3C-90-73-14-3E-21-46-25-B7-95-15">
      <ModulePath>c:\Program Files\dotnet\sdk\2.2.103\Microsoft.DotNet.Cli.Utils.dll</ModulePath>
      <ModuleTime>2019-01-11T11:32:06Z</ModuleTime>
      <ModuleName>Microsoft.DotNet.Cli.Utils</ModuleName>
      <Classes />
[...]
      <Classes />
    </Module>
    <Module skippedDueTo="Filter" hash="F5-79-7C-19-A2-E5-3D-8D-3D-E0-26-FF-A3-F5-EA-C4-37-82-B1-68">
      <ModulePath>c:\Program Files\dotnet\shared\Microsoft.NETCore.App\2.1.7\System.IO.FileSystem.Watcher.dll</ModulePath>
      <ModuleTime>2018-11-29T13:09:00Z</ModuleTime>
      <ModuleName>System.IO.FileSystem.Watcher</ModuleName>
      <Classes />
    </Module>
    <Module skippedDueTo="Filter" hash="FA-7B-E9-0E-11-B3-97-D5-D6-57-B3-ED-B5-C7-DB-DA-EE-9C-00-BC">
      <ModulePath>c:\Program Files\dotnet\shared\Microsoft.NETCore.App\2.1.7\System.IO.IsolatedStorage.dll</ModulePath>
      <ModuleTime>2018-11-29T13:09:00Z</ModuleTime>
      <ModuleName>System.IO.IsolatedStorage</ModuleName>
      <Classes />
    </Module>
    <Module skippedDueTo="Filter" hash="A2-56-84-7D-4A-90-0F-79-94-64-05-A0-EE-52-93-41-88-5B-0E-51">
      <ModulePath>c:\Program Files\dotnet\shared\Microsoft.NETCore.App\2.1.7\System.IO.MemoryMappedFiles.dll</ModulePath>
      <ModuleTime>2018-11-29T13:09:00Z</ModuleTime>
      <ModuleName>System.IO.MemoryMappedFiles</ModuleName>
      <Classes />
    </Module>
    <Module skippedDueTo="Filter" hash="E6-6A-8A-8D-D4-96-55-DD-C3-75-9B-C5-C0-52-F1-47-56-43-A8-1C">
      <ModulePath>c:\Program Files\dotnet\shared\Microsoft.NETCore.App\2.1.7\System.IO.Pipes.AccessControl.dll</ModulePath>
      <ModuleTime>2018-11-29T13:09:00Z</ModuleTime>
      <ModuleName>System.IO.Pipes.AccessControl</ModuleName>
      <Classes />
    </Module>
    <Module skippedDueTo="Filter" hash="4D-2F-9E-11-D8-F1-9C-3B-1C-C9-BD-0F-7A-8A-4E-A3-B0-A4-07-C6">
      <ModulePath>c:\Program Files\dotnet\shared\Microsoft.NETCore.App\2.1.7\System.IO.Pipes.dll</ModulePath>
      <ModuleTime>2018-11-29T13:09:00Z</ModuleTime>
      <ModuleName>System.IO.Pipes</ModuleName>
      <Classes />
    </Module>
    <Module skippedDueTo="Filter" hash="20-FA-CD-8D-25-D8-C2-B8-F2-4F-C5-AC-C7-B1-EA-80-BD-0F-AB-56">
      <ModulePath>c:\Program Files\dotnet\shared\Microsoft.NETCore.App\2.1.7\System.IO.UnmanagedMemoryStream.dll</ModulePath>
      <ModuleTime>2018-11-29T13:09:00Z</ModuleTime>
      <ModuleName>System.IO.UnmanagedMemoryStream</ModuleName>
      <Classes />
    </Module>
    <Module skippedDueTo="Filter" hash="AC-22-CD-CD-E5-38-06-9C-99-DD-F0-06-B1-72-98-5E-E9-84-7F-A1">
      <ModulePath>c:\Program Files\dotnet\shared\Microsoft.NETCore.App\2.1.7\System.Linq.Parallel.dll</ModulePath>
      <ModuleTime>2018-11-29T13:09:00Z</ModuleTime>
      <ModuleName>System.Linq.Parallel</ModuleName>
      <Classes />
    </Module>
    <Module skippedDueTo="Filter" hash="A3-2A-26-60-54-4A-14-DF-48-D7-6F-79-8D-80-61-3B-F1-60-AC-15">
      <ModulePath>c:\Program Files\dotnet\shared\Microsoft.NETCore.App\2.1.7\System.Linq.Queryable.dll</ModulePath>
      <ModuleTime>2018-11-29T13:09:00Z</ModuleTime>
      <ModuleName>System.Linq.Queryable</ModuleName>
      <Classes />
    </Module>
    <Module skippedDueTo="Filter" hash="6B-95-E0-52-E7-58-80-2E-7C-15-78-CB-67-00-38-64-F3-F9-00-EB">
      <ModulePath>c:\Program Files\dotnet\shared\Microsoft.NETCore.App\2.1.7\System.Net.Security.dll</ModulePath>
      <ModuleTime>2018-11-29T13:09:02Z</ModuleTime>
      <ModuleName>System.Net.Security</ModuleName>
      <Classes />
    </Module>
    <Module skippedDueTo="Filter" hash="5F-0F-61-D5-77-8A-73-60-32-3A-91-BC-5A-FF-DE-43-9C-20-08-48">
      <ModulePath>c:\Program Files\dotnet\shared\Microsoft.NETCore.App\2.1.7\System.Net.HttpListener.dll</ModulePath>
      <ModuleTime>2018-11-29T13:09:00Z</ModuleTime>
      <ModuleName>System.Net.HttpListener</ModuleName>
      <Classes />
    </Module>
    <Module skippedDueTo="Filter" hash="A4-60-80-DF-D2-55-1A-41-8B-50-46-76-E1-12-04-44-39-1D-0D-18">
      <ModulePath>c:\Program Files\dotnet\shared\Microsoft.NETCore.App\2.1.7\System.Net.Mail.dll</ModulePath>
      <ModuleTime>2018-11-29T13:09:02Z</ModuleTime>
      <ModuleName>System.Net.Mail</ModuleName>
      <Classes />
    </Module>
    <Module skippedDueTo="Filter" hash="62-77-CC-4F-33-D0-5E-CA-AA-A8-6E-4F-1E-B6-E8-92-77-9B-1C-D7">
      <ModulePath>c:\Program Files\dotnet\shared\Microsoft.NETCore.App\2.1.7\System.Net.NetworkInformation.dll</ModulePath>
      <ModuleTime>2018-11-29T13:09:02Z</ModuleTime>
      <ModuleName>System.Net.NetworkInformation</ModuleName>
      <Classes />
    </Module>
    <Module skippedDueTo="Filter" hash="69-5B-55-39-27-1D-37-2E-86-CF-87-F5-CE-07-F4-7F-D3-60-24-94">
      <ModulePath>c:\Program Files\dotnet\shared\Microsoft.NETCore.App\2.1.7\System.Net.Ping.dll</ModulePath>
      <ModuleTime>2018-11-29T13:09:02Z</ModuleTime>
      <ModuleName>System.Net.Ping</ModuleName>
      <Classes />
    </Module>
    <Module skippedDueTo="Filter" hash="84-A4-4A-95-99-BA-F9-B8-25-2C-0E-7E-3C-03-F2-9C-A4-38-1A-9C">
      <ModulePath>c:\Program Files\dotnet\shared\Microsoft.NETCore.App\2.1.7\System.Net.Requests.dll</ModulePath>
      <ModuleTime>2018-11-29T13:09:02Z</ModuleTime>
      <ModuleName>System.Net.Requests</ModuleName>
      <Classes />
    </Module>
    <Module skippedDueTo="Filter" hash="1A-5D-1B-8B-C4-F7-ED-43-6D-B8-5A-B0-C1-5D-51-12-A5-D7-36-29">
      <ModulePath>c:\Program Files\dotnet\shared\Microsoft.NETCore.App\2.1.7\System.Net.ServicePoint.dll</ModulePath>
      <ModuleTime>2018-11-29T13:09:02Z</ModuleTime>
      <ModuleName>System.Net.ServicePoint</ModuleName>
      <Classes />
    </Module>
    <Module skippedDueTo="Filter" hash="3D-9D-45-DF-09-B2-1F-1C-74-D3-BE-D6-FF-57-72-27-05-DA-7A-09">
      <ModulePath>c:\Program Files\dotnet\shared\Microsoft.NETCore.App\2.1.7\System.Net.WebClient.dll</ModulePath>
      <ModuleTime>2018-11-29T13:09:02Z</ModuleTime>
      <ModuleName>System.Net.WebClient</ModuleName>
      <Classes />
    </Module>
    <Module skippedDueTo="Filter" hash="CE-8A-E4-4B-9B-ED-93-DD-68-94-6B-42-5E-7D-FC-71-92-71-57-98">
      <ModulePath>c:\Program Files\dotnet\shared\Microsoft.NETCore.App\2.1.7\System.Net.WebHeaderCollection.dll</ModulePath>
      <ModuleTime>2018-11-29T13:09:02Z</ModuleTime>
      <ModuleName>System.Net.WebHeaderCollection</ModuleName>
      <Classes />
    </Module>
    <Module skippedDueTo="Filter" hash="7F-DC-75-7C-4B-1F-35-DF-1C-8B-9B-0D-5B-5F-80-F9-F0-D6-06-9A">
      <ModulePath>c:\Program Files\dotnet\shared\Microsoft.NETCore.App\2.1.7\System.Net.WebProxy.dll</ModulePath>
      <ModuleTime>2018-11-29T13:09:02Z</ModuleTime>
      <ModuleName>System.Net.WebProxy</ModuleName>
      <Classes />
    </Module>
    <Module skippedDueTo="Filter" hash="0B-E0-F7-CB-77-4B-B5-92-87-60-19-C5-EF-42-D9-82-9A-10-C2-53">
      <ModulePath>c:\Program Files\dotnet\shared\Microsoft.NETCore.App\2.1.7\System.Net.WebSockets.Client.dll</ModulePath>
      <ModuleTime>2018-11-29T13:09:02Z</ModuleTime>
      <ModuleName>System.Net.WebSockets.Client</ModuleName>
      <Classes />
    </Module>
    <Module skippedDueTo="Filter" hash="61-FA-99-A1-6F-78-31-B9-46-E1-9A-B4-77-67-67-20-C0-B8-70-E2">
      <ModulePath>c:\Program Files\dotnet\shared\Microsoft.NETCore.App\2.1.7\System.Net.dll</ModulePath>
      <ModuleTime>2018-11-29T13:09:02Z</ModuleTime>
      <ModuleName>System.Net</ModuleName>
      <Classes />
    </Module>
    <Module skippedDueTo="Filter" hash="4C-5A-16-D7-26-22-FE-A6-D6-7C-1A-3A-4E-11-0A-EF-90-1B-1A-8F">
      <ModulePath>c:\Program Files\dotnet\shared\Microsoft.NETCore.App\2.1.7\System.Numerics.Vectors.dll</ModulePath>
      <ModuleTime>2018-11-29T13:09:02Z</ModuleTime>
      <ModuleName>System.Numerics.Vectors</ModuleName>
      <Classes />
    </Module>
    <Module skippedDueTo="Filter" hash="C5-AC-B7-63-E0-57-A0-0C-53-8C-6E-76-52-0A-26-51-BD-F0-7D-C4">
      <ModulePath>c:\Program Files\dotnet\shared\Microsoft.NETCore.App\2.1.7\System.Numerics.dll</ModulePath>
      <ModuleTime>2018-11-29T13:09:02Z</ModuleTime>
      <ModuleName>System.Numerics</ModuleName>
      <Classes />
    </Module>
    <Module skippedDueTo="Filter" hash="7B-19-BB-63-F5-D5-A5-FA-44-BC-19-03-0F-91-E1-8D-AF-87-7E-93">
      <ModulePath>c:\Program Files\dotnet\shared\Microsoft.NETCore.App\2.1.7\System.Reflection.Emit.ILGeneration.dll</ModulePath>
      <ModuleTime>2018-11-29T13:09:02Z</ModuleTime>
      <ModuleName>System.Reflection.Emit.ILGeneration</ModuleName>
      <Classes />
    </Module>
    <Module skippedDueTo="Filter" hash="92-48-10-58-D1-BD-01-D4-16-4C-AA-8E-1F-AC-AA-4C-B9-40-77-D1">
      <ModulePath>c:\Program Files\dotnet\shared\Microsoft.NETCore.App\2.1.7\System.Reflection.DispatchProxy.dll</ModulePath>
      <ModuleTime>2018-11-29T13:09:02Z</ModuleTime>
      <ModuleName>System.Reflection.DispatchProxy</ModuleName>
      <Classes />
    </Module>
    <Module skippedDueTo="Filter" hash="A8-C0-01-F3-F9-65-84-59-06-03-70-39-68-24-B8-E4-BF-F4-5E-B4">
      <ModulePath>c:\Program Files\dotnet\shared\Microsoft.NETCore.App\2.1.7\System.Reflection.Emit.Lightweight.dll</ModulePath>
      <ModuleTime>2018-11-29T13:09:02Z</ModuleTime>
      <ModuleName>System.Reflection.Emit.Lightweight</ModuleName>
      <Classes />
    </Module>
    <Module skippedDueTo="Filter" hash="C5-5D-66-5C-BF-81-37-49-9A-81-0E-4B-C5-FD-AA-4D-4A-BC-07-2B">
      <ModulePath>c:\Program Files\dotnet\shared\Microsoft.NETCore.App\2.1.7\System.Reflection.Emit.dll</ModulePath>
      <ModuleTime>2018-11-29T13:09:02Z</ModuleTime>
      <ModuleName>System.Reflection.Emit</ModuleName>
      <Classes />
    </Module>
    <Module skippedDueTo="Filter" hash="66-3F-A4-64-F6-E7-4D-6B-B3-52-AE-CC-3E-7E-7A-50-7D-CA-A6-F8">
      <ModulePath>c:\Program Files\dotnet\shared\Microsoft.NETCore.App\2.1.7\System.Resources.Reader.dll</ModulePath>
      <ModuleTime>2018-11-29T13:09:02Z</ModuleTime>
      <ModuleName>System.Resources.Reader</ModuleName>
      <Classes />
    </Module>
    <Module skippedDueTo="Filter" hash="53-42-32-22-A4-2C-19-44-1C-F4-EA-21-5B-BB-B4-3B-0E-69-F4-7D">
      <ModulePath>c:\Program Files\dotnet\shared\Microsoft.NETCore.App\2.1.7\System.Resources.Writer.dll</ModulePath>
      <ModuleTime>2018-11-29T13:09:02Z</ModuleTime>
      <ModuleName>System.Resources.Writer</ModuleName>
      <Classes />
    </Module>
    <Module skippedDueTo="Filter" hash="8A-F1-1B-1D-97-A0-2D-87-3E-DE-D4-22-7E-17-44-0C-B7-0D-F4-2F">
      <ModulePath>c:\Program Files\dotnet\shared\Microsoft.NETCore.App\2.1.7\System.Runtime.CompilerServices.VisualC.dll</ModulePath>
      <ModuleTime>2018-11-29T13:09:02Z</ModuleTime>
      <ModuleName>System.Runtime.CompilerServices.VisualC</ModuleName>
      <Classes />
    </Module>
    <Module skippedDueTo="Filter" hash="52-55-6F-A4-37-2C-8B-7B-90-1B-98-59-38-0F-74-2A-23-26-86-56">
      <ModulePath>c:\Program Files\dotnet\shared\Microsoft.NETCore.App\2.1.7\System.Runtime.Handles.dll</ModulePath>
      <ModuleTime>2018-11-29T13:09:02Z</ModuleTime>
      <ModuleName>System.Runtime.Handles</ModuleName>
      <Classes />
    </Module>
    <Module skippedDueTo="Filter" hash="E2-A6-90-7E-78-57-68-DD-CF-CA-A2-9E-0C-7F-9B-96-62-A7-53-92">
      <ModulePath>c:\Program Files\dotnet\shared\Microsoft.NETCore.App\2.1.7\System.Runtime.InteropServices.WindowsRuntime.dll</ModulePath>
      <ModuleTime>2018-11-29T13:09:02Z</ModuleTime>
      <ModuleName>System.Runtime.InteropServices.WindowsRuntime</ModuleName>
      <Classes />
    </Module>
    <Module skippedDueTo="Filter" hash="C1-D7-6A-0D-CD-28-52-CB-68-95-07-FA-15-41-8E-D5-53-8D-B1-D6">
      <ModulePath>c:\Program Files\dotnet\shared\Microsoft.NETCore.App\2.1.7\System.Runtime.Serialization.Json.dll</ModulePath>
      <ModuleTime>2018-11-29T13:09:02Z</ModuleTime>
      <ModuleName>System.Runtime.Serialization.Json</ModuleName>
      <Classes />
    </Module>
    <Module skippedDueTo="Filter" hash="FC-34-61-92-DD-59-8B-0D-31-74-CD-E4-FC-45-0C-5A-D0-2E-A7-A7">
      <ModulePath>c:\Program Files\dotnet\shared\Microsoft.NETCore.App\2.1.7\System.Runtime.Serialization.dll</ModulePath>
      <ModuleTime>2018-11-29T13:09:02Z</ModuleTime>
      <ModuleName>System.Runtime.Serialization</ModuleName>
      <Classes />
    </Module>
    <Module skippedDueTo="Filter" hash="BE-2C-F3-6A-17-0D-30-9C-53-3E-66-3A-E4-E3-AF-90-EE-6C-E6-C9">
      <ModulePath>c:\Program Files\dotnet\shared\Microsoft.NETCore.App\2.1.7\System.Security.Cryptography.Cng.dll</ModulePath>
      <ModuleTime>2018-11-29T13:09:02Z</ModuleTime>
      <ModuleName>System.Security.Cryptography.Cng</ModuleName>
      <Classes />
    </Module>
    <Module skippedDueTo="Filter" hash="2F-FF-86-D0-F4-EB-24-41-E2-0B-E4-AE-52-9D-9C-CC-00-D0-5B-F2">
      <ModulePath>c:\Program Files\dotnet\shared\Microsoft.NETCore.App\2.1.7\System.Security.Cryptography.Csp.dll</ModulePath>
      <ModuleTime>2018-11-29T13:09:02Z</ModuleTime>
      <ModuleName>System.Security.Cryptography.Csp</ModuleName>
      <Classes />
    </Module>
    <Module skippedDueTo="Filter" hash="07-AE-D9-9B-8C-12-43-1E-0C-A0-0E-08-52-F5-3C-60-86-57-0F-A5">
      <ModulePath>c:\Program Files\dotnet\shared\Microsoft.NETCore.App\2.1.7\System.Security.Cryptography.OpenSsl.dll</ModulePath>
      <ModuleTime>2018-11-29T13:09:02Z</ModuleTime>
      <ModuleName>System.Security.Cryptography.OpenSsl</ModuleName>
      <Classes />
    </Module>
    <Module skippedDueTo="Filter" hash="3E-F0-7A-B9-5A-ED-0A-D1-7A-AF-52-0A-C2-0D-5D-04-07-93-02-AE">
      <ModulePath>c:\Program Files\dotnet\shared\Microsoft.NETCore.App\2.1.7\System.Security.SecureString.dll</ModulePath>
      <ModuleTime>2018-11-29T13:09:02Z</ModuleTime>
      <ModuleName>System.Security.SecureString</ModuleName>
      <Classes />
    </Module>
    <Module skippedDueTo="Filter" hash="08-EA-C1-0A-B0-E7-56-7D-14-28-43-32-4C-69-6D-20-4A-62-BF-32">
      <ModulePath>c:\Program Files\dotnet\shared\Microsoft.NETCore.App\2.1.7\System.Security.dll</ModulePath>
      <ModuleTime>2018-11-29T13:09:02Z</ModuleTime>
      <ModuleName>System.Security</ModuleName>
      <Classes />
    </Module>
    <Module skippedDueTo="Filter" hash="38-E2-58-AC-E6-38-7F-18-F5-D2-7B-10-78-C1-71-CF-3B-8B-64-89">
      <ModulePath>c:\Program Files\dotnet\shared\Microsoft.NETCore.App\2.1.7\System.ServiceModel.Web.dll</ModulePath>
      <ModuleTime>2018-11-29T13:09:02Z</ModuleTime>
      <ModuleName>System.ServiceModel.Web</ModuleName>
      <Classes />
    </Module>
    <Module skippedDueTo="Filter" hash="81-65-B1-10-4E-10-B9-D0-4D-53-56-75-A8-13-DC-17-82-78-C3-5E">
      <ModulePath>c:\Program Files\dotnet\shared\Microsoft.NETCore.App\2.1.7\System.ServiceProcess.dll</ModulePath>
      <ModuleTime>2018-11-29T13:09:02Z</ModuleTime>
      <ModuleName>System.ServiceProcess</ModuleName>
      <Classes />
    </Module>
    <Module skippedDueTo="Filter" hash="0E-CE-9D-16-E5-EA-E6-9D-92-DF-74-53-EB-B9-1A-BA-42-EB-4D-42">
      <ModulePath>c:\Program Files\dotnet\shared\Microsoft.NETCore.App\2.1.7\System.Threading.Tasks.Dataflow.dll</ModulePath>
      <ModuleTime>2018-11-29T13:09:02Z</ModuleTime>
      <ModuleName>System.Threading.Tasks.Dataflow</ModuleName>
      <Classes />
    </Module>
    <Module skippedDueTo="Filter" hash="94-90-93-AB-E9-5C-7A-BF-72-EA-59-09-6C-4B-54-34-8B-57-DD-81">
      <ModulePath>c:\Program Files\dotnet\shared\Microsoft.NETCore.App\2.1.7\System.Threading.Tasks.Parallel.dll</ModulePath>
      <ModuleTime>2018-11-29T13:09:02Z</ModuleTime>
      <ModuleName>System.Threading.Tasks.Parallel</ModuleName>
      <Classes />
    </Module>
    <Module skippedDueTo="Filter" hash="E8-22-70-22-4E-25-DA-3D-06-5F-77-4D-4A-F1-1A-55-B9-16-90-C0">
      <ModulePath>c:\Program Files\dotnet\shared\Microsoft.NETCore.App\2.1.7\System.Transactions.dll</ModulePath>
      <ModuleTime>2018-11-29T13:09:02Z</ModuleTime>
      <ModuleName>System.Transactions</ModuleName>
      <Classes />
    </Module>
    <Module skippedDueTo="Filter" hash="12-6D-1F-D9-7D-78-DC-8B-8D-71-B6-21-A7-10-6A-7C-05-F3-DC-B2">
      <ModulePath>c:\Program Files\dotnet\shared\Microsoft.NETCore.App\2.1.7\System.Web.HttpUtility.dll</ModulePath>
      <ModuleTime>2018-11-29T13:09:02Z</ModuleTime>
      <ModuleName>System.Web.HttpUtility</ModuleName>
      <Classes />
    </Module>
    <Module skippedDueTo="Filter" hash="8A-B8-F3-4D-AA-8E-C1-FE-99-F1-30-C3-D6-BC-BD-72-C4-4B-81-48">
      <ModulePath>c:\Program Files\dotnet\shared\Microsoft.NETCore.App\2.1.7\System.Web.dll</ModulePath>
      <ModuleTime>2018-11-29T13:09:02Z</ModuleTime>
      <ModuleName>System.Web</ModuleName>
      <Classes />
    </Module>
    <Module skippedDueTo="Filter" hash="34-8E-82-71-1B-6D-6A-C6-4E-F9-C7-3F-00-64-3A-05-0B-AE-19-DC">
      <ModulePath>c:\Program Files\dotnet\shared\Microsoft.NETCore.App\2.1.7\System.Windows.dll</ModulePath>
      <ModuleTime>2018-11-29T13:09:02Z</ModuleTime>
      <ModuleName>System.Windows</ModuleName>
      <Classes />
    </Module>
    <Module skippedDueTo="Filter" hash="FC-39-7F-5E-34-97-92-63-A2-53-99-7A-E8-3E-0B-19-F5-3D-4D-DF">
      <ModulePath>c:\Program Files\dotnet\shared\Microsoft.NETCore.App\2.1.7\System.Xml.Linq.dll</ModulePath>
      <ModuleTime>2018-11-29T13:09:02Z</ModuleTime>
      <ModuleName>System.Xml.Linq</ModuleName>
      <Classes />
    </Module>
    <Module skippedDueTo="Filter" hash="7F-A5-51-46-BF-BC-9A-C9-A2-34-4E-33-A5-75-C0-A9-95-AA-EB-00">
      <ModulePath>c:\Program Files\dotnet\shared\Microsoft.NETCore.App\2.1.7\System.Xml.Serialization.dll</ModulePath>
      <ModuleTime>2018-11-29T13:09:02Z</ModuleTime>
      <ModuleName>System.Xml.Serialization</ModuleName>
      <Classes />
    </Module>
    <Module skippedDueTo="Filter" hash="F1-CC-FB-9E-76-5A-62-53-9B-35-2F-D1-6A-83-23-D2-E0-CA-9E-BD">
      <ModulePath>c:\Program Files\dotnet\shared\Microsoft.NETCore.App\2.1.7\System.Xml.XPath.XDocument.dll</ModulePath>
      <ModuleTime>2018-11-29T13:09:02Z</ModuleTime>
      <ModuleName>System.Xml.XPath.XDocument</ModuleName>
      <Classes />
    </Module>
    <Module skippedDueTo="Filter" hash="EB-F8-B4-83-13-68-00-3C-2E-C9-BE-F6-69-75-6B-52-6F-68-B6-F7">
      <ModulePath>c:\Program Files\dotnet\shared\Microsoft.NETCore.App\2.1.7\System.Xml.XmlSerializer.dll</ModulePath>
      <ModuleTime>2018-11-29T13:09:02Z</ModuleTime>
      <ModuleName>System.Xml.XmlSerializer</ModuleName>
      <Classes />
    </Module>
    <Module skippedDueTo="Filter" hash="CD-BB-67-9C-AB-5C-65-EF-AC-5C-75-E5-59-48-C4-7C-9E-9F-D7-BD">
      <ModulePath>c:\Program Files\dotnet\shared\Microsoft.NETCore.App\2.1.7\System.Xml.dll</ModulePath>
      <ModuleTime>2018-11-29T13:09:02Z</ModuleTime>
      <ModuleName>System.Xml</ModuleName>
      <Classes />
    </Module>
    <Module skippedDueTo="Filter" hash="80-12-FE-2A-34-50-8F-FC-EC-95-CE-FD-66-E8-D7-D4-4C-AE-5E-38">
      <ModulePath>c:\Program Files\dotnet\shared\Microsoft.NETCore.App\2.1.7\System.dll</ModulePath>
      <ModuleTime>2018-11-29T13:09:02Z</ModuleTime>
      <ModuleName>System</ModuleName>
      <Classes />
    </Module>
    <Module skippedDueTo="Filter" hash="32-61-8B-E3-12-DA-8B-EF-70-EC-EA-70-52-66-07-B0-F3-46-DD-C8">
      <ModulePath>c:\Program Files\dotnet\shared\Microsoft.NETCore.App\2.1.7\WindowsBase.dll</ModulePath>
      <ModuleTime>2018-11-29T13:09:02Z</ModuleTime>
      <ModuleName>WindowsBase</ModuleName>
      <Classes />
    </Module>
    <Module skippedDueTo="Filter" hash="6F-08-22-57-F4-B0-60-DB-BB-40-C7-8B-E4-D0-95-74-3F-5E-5C-41">
      <ModulePath>C:\work\Travix\TestTask\Repository\WingsOn.Api.IntegrationXTests\bin\Debug\netcoreapp2.1\xunit.runner.reporters.netcoreapp10.dll</ModulePath>
      <ModuleTime>2017-10-27T02:35:08Z</ModuleTime>
      <ModuleName>xunit.runner.reporters.netcoreapp10</ModuleName>
      <Classes />
    </Module>
    <Module skippedDueTo="Filter" hash="E8-8E-51-35-5E-4F-EF-68-DB-C2-18-66-26-D2-F3-2C-B9-91-73-D2">
      <ModulePath>c:\Program Files\dotnet\shared\Microsoft.AspNetCore.App\2.1.7\Microsoft.AspNetCore.Identity.UI.Views.dll</ModulePath>
      <ModuleTime>2018-12-06T20:21:30Z</ModuleTime>
      <ModuleName>Microsoft.AspNetCore.Identity.UI.Views</ModuleName>
      <Classes />
    </Module>
  </Modules>
</CoverageSession>